Using pre-set license
Built from '2021.1/release' branch; Version is '2021.1.10f1 (b15f561b2cef) revision 11624278'; Using compiler version '192528614'; Build Type 'Release'
OS: 'Windows 10 Home; OS build 19041.1083; Version 2004; 64bit' Language: 'en' Physical Memory: 32634 MB
BatchMode: 1, IsHumanControllingUs: 0, StartBugReporterOnCrash: 0, Is64bit: 1, IsPro: 0

 COMMAND LINE ARGUMENTS:
C:\Program Files\Unity\Hub\Editor\2021.1.10f1\Editor\Unity.exe
-adb2
-batchMode
-noUpm
-name
AssetImportWorker0
-projectPath
C:/Users/cuell/OneDrive/Desktop/Game Projects/Project Roguelike
-logFile
Logs/AssetImportWorker0.log
-srvPort
60136
Successfully changed project path to: C:/Users/cuell/OneDrive/Desktop/Game Projects/Project Roguelike
C:/Users/cuell/OneDrive/Desktop/Game Projects/Project Roguelike
Using Asset Import Pipeline V2.
Refreshing native plugins compatible for Editor in 205.63 ms, found 6 plugins.
Preloading 0 native plugins for Editor in 0.00 ms.
Initialize engine version: 2021.1.10f1 (b15f561b2cef)
[Subsystems] Discovering subsystems at path C:/Program Files/Unity/Hub/Editor/2021.1.10f1/Editor/Data/Resources/UnitySubsystems
[Subsystems] Discovering subsystems at path C:/Users/cuell/OneDrive/Desktop/Game Projects/Project Roguelike/Assets
GfxDevice: creating device client; threaded=0; jobified=0
Direct3D:
    Version:  Direct3D 11.0 [level 11.1]
    Renderer: NVIDIA GeForce GTX 1050 (ID=0x1c8d)
    Vendor:   NVIDIA
    VRAM:     4019 MB
    Driver:   30.0.14.7111
Initialize mono
Mono path[0] = 'C:/Program Files/Unity/Hub/Editor/2021.1.10f1/Editor/Data/Managed'
Mono path[1] = 'C:/Program Files/Unity/Hub/Editor/2021.1.10f1/Editor/Data/MonoBleedingEdge/lib/mono/unityjit'
Mono config path = 'C:/Program Files/Unity/Hub/Editor/2021.1.10f1/Editor/Data/MonoBleedingEdge/etc'
Using monoOptions --debugger-agent=transport=dt_socket,embedding=1,server=y,suspend=n,address=127.0.0.1:56180
Begin MonoManager ReloadAssembly
Registering precompiled unity dll's ...
Register platform support module: C:/Program Files/Unity/Hub/Editor/2021.1.10f1/Editor/Data/PlaybackEngines/WebGLSupport/UnityEditor.WebGL.Extensions.dll
Register platform support module: C:/Program Files/Unity/Hub/Editor/2021.1.10f1/Editor/Data/PlaybackEngines/WindowsStandaloneSupport/UnityEditor.WindowsStandalone.Extensions.dll
Registered in 0.004534 seconds.
Native extension for WindowsStandalone target not found
Native extension for WebGL target not found
Refreshing native plugins compatible for Editor in 163.01 ms, found 6 plugins.
Preloading 0 native plugins for Editor in 0.00 ms.
Mono: successfully reloaded assembly
- Completed reload, in  2.668 seconds
Domain Reload Profiling:
	ReloadAssembly (2669ms)
		BeginReloadAssembly (96ms)
			ExecutionOrderSort (0ms)
			DisableScriptedObjects (0ms)
			BackupInstance (0ms)
			ReleaseScriptingObjects (0ms)
			CreateAndSetChildDomain (1ms)
		EndReloadAssembly (770ms)
			LoadAssemblies (90ms)
			RebuildTransferFunctionScriptingTraits (0ms)
			SetupTypeCache (267ms)
			ReleaseScriptCaches (0ms)
			RebuildScriptCaches (48ms)
			SetupLoadedEditorAssemblies (375ms)
				LogAssemblyErrors (0ms)
				InitializePlatformSupportModulesInManaged (10ms)
				SetLoadedEditorAssemblies (0ms)
				RefreshPlugins (163ms)
				BeforeProcessingInitializeOnLoad (2ms)
				ProcessInitializeOnLoadAttributes (155ms)
				ProcessInitializeOnLoadMethodAttributes (45ms)
				AfterProcessingInitializeOnLoad (0ms)
				EditorAssembliesLoaded (0ms)
			ExecutionOrderSort2 (0ms)
			AwakeInstancesAfterBackupRestoration (0ms)
Platform modules already initialized, skipping
Registering precompiled user dll's ...
Registered in 0.018201 seconds.
Begin MonoManager ReloadAssembly
Symbol file LoadedFromMemory doesn't match image C:\Users\cuell\OneDrive\Desktop\Game Projects\Project Roguelike\Library\PackageCache\com.unity.visualscripting@1.6.1\Editor\VisualScripting.Core\Dependencies\YamlDotNet\Unity.VisualScripting.YamlDotNet.dll
Symbol file LoadedFromMemory doesn't match image C:\Users\cuell\OneDrive\Desktop\Game Projects\Project Roguelike\Library\PackageCache\com.unity.visualscripting@1.6.1\Editor\VisualScripting.Core\Dependencies\DotNetZip\Unity.VisualScripting.IonicZip.dll
Native extension for WindowsStandalone target not found
Native extension for WebGL target not found
Refreshing native plugins compatible for Editor in 168.13 ms, found 6 plugins.
Preloading 0 native plugins for Editor in 0.00 ms.
Mono: successfully reloaded assembly
- Completed reload, in  2.391 seconds
Domain Reload Profiling:
	ReloadAssembly (2392ms)
		BeginReloadAssembly (253ms)
			ExecutionOrderSort (0ms)
			DisableScriptedObjects (7ms)
			BackupInstance (0ms)
			ReleaseScriptingObjects (0ms)
			CreateAndSetChildDomain (30ms)
		EndReloadAssembly (2038ms)
			LoadAssemblies (171ms)
			RebuildTransferFunctionScriptingTraits (0ms)
			SetupTypeCache (631ms)
			ReleaseScriptCaches (1ms)
			RebuildScriptCaches (97ms)
			SetupLoadedEditorAssemblies (990ms)
				LogAssemblyErrors (0ms)
				InitializePlatformSupportModulesInManaged (10ms)
				SetLoadedEditorAssemblies (0ms)
				RefreshPlugins (168ms)
				BeforeProcessingInitializeOnLoad (145ms)
				ProcessInitializeOnLoadAttributes (624ms)
				ProcessInitializeOnLoadMethodAttributes (27ms)
				AfterProcessingInitializeOnLoad (15ms)
				EditorAssembliesLoaded (0ms)
			ExecutionOrderSort2 (0ms)
			AwakeInstancesAfterBackupRestoration (9ms)
Platform modules already initialized, skipping
========================================================================
Worker process is ready to serve import requests
Launched and connected shader compiler UnityShaderCompiler.exe after 0.10 seconds
Refreshing native plugins compatible for Editor in 0.98 ms, found 6 plugins.
Preloading 0 native plugins for Editor in 0.00 ms.
Unloading 4639 Unused Serialized files (Serialized files now loaded: 0)
System memory in use before: 165.0 MB.
System memory in use after: 165.1 MB.

Unloading 54 unused Assets to reduce memory usage. Loaded Objects now: 5070.
Total: 6.214100 ms (FindLiveObjects: 0.772400 ms CreateObjectMapping: 0.655400 ms MarkObjects: 4.617100 ms  DeleteObjects: 0.167000 ms)

AssetImportParameters requested are different than current active one (requested -> active):
  custom:framework-win-MediaFoundation: 216162199b28c13a410421893ffa2e32 -> 
  custom:video-decoder-ogg-theora: a1e56fd34408186e4bbccfd4996cb3dc -> 
  custom:container-muxer-webm: aa71ff27fc2769a1b78a27578f13a17b -> 
  custom:container-demuxer-webm: 4f35f7cbe854078d1ac9338744f61a02 -> 
  custom:container-demuxer-ogg: 62fdf1f143b41e24485cea50d1cbac27 -> 
  custom:video-encoder-webm-vp8: eb34c28f22e8b96e1ab97ce403110664 -> 
  custom:video-decoder-webm-vp8: 9c59270c3fd7afecdb556c50c9e8de78 -> 
  custom:audio-decoder-ogg-vorbis: bf7c407c2cedff20999df2af8eb42d56 -> 
  custom:audio-encoder-webm-vorbis: bf7c407c2cedff20999df2af8eb42d56 -> 
========================================================================
Received Import Request.
  path: Assets/Prefabs/Tooltips/InventoryItemTooltip.prefab
  artifactKey: Guid(70a73e195f003d542871d25da2e96444) Importer(815301076,1909f56bfc062723c751e8b465ee728b)
Start importing Assets/Prefabs/Tooltips/InventoryItemTooltip.prefab using Guid(70a73e195f003d542871d25da2e96444) Importer(815301076,1909f56bfc062723c751e8b465ee728b)  -> (artifact id: '64512961fd0178b9ab348fc52c689a3c') in 0.203344 seconds 
========================================================================
Received Import Request.
  Time since last request: 0.000417 seconds.
  path: Assets/Art/Equipped Sprites/Steel Body Armor.png
  artifactKey: Guid(1bff7ab0e5a6f9349bd967d5f110adc1) Importer(815301076,1909f56bfc062723c751e8b465ee728b)
Start importing Assets/Art/Equipped Sprites/Steel Body Armor.png using Guid(1bff7ab0e5a6f9349bd967d5f110adc1) Importer(815301076,1909f56bfc062723c751e8b465ee728b)  -> (artifact id: 'f33a5129637e0d4d283ee43839577c32') in 0.181946 seconds 
========================================================================
Received Import Request.
  Time since last request: 0.000409 seconds.
  path: Assets/Art/Equipped Sprites/Sword.png
  artifactKey: Guid(60f61a25db2207845bc1b3491b34cefc) Importer(815301076,1909f56bfc062723c751e8b465ee728b)
Start importing Assets/Art/Equipped Sprites/Sword.png using Guid(60f61a25db2207845bc1b3491b34cefc) Importer(815301076,1909f56bfc062723c751e8b465ee728b)  -> (artifact id: '57191c6efd968715ba0423792dc859ea') in 0.021628 seconds 
========================================================================
Received Import Request.
  Time since last request: 0.000229 seconds.
  path: Assets/Art/Equipped Sprites/Brown Shoes.png
  artifactKey: Guid(c914c30aa5c458643902be77ab1982dc) Importer(815301076,1909f56bfc062723c751e8b465ee728b)
Start importing Assets/Art/Equipped Sprites/Brown Shoes.png using Guid(c914c30aa5c458643902be77ab1982dc) Importer(815301076,1909f56bfc062723c751e8b465ee728b)  -> (artifact id: '2bda0529b29ac61539e2d8a0ea1281f9') in 0.019809 seconds 
========================================================================
Received Import Request.
  Time since last request: 0.000411 seconds.
  path: Assets/Art/Equipped Sprites/Brown Pants.png
  artifactKey: Guid(22be08e0ea504834db9c22e14b6f0efa) Importer(815301076,1909f56bfc062723c751e8b465ee728b)
Start importing Assets/Art/Equipped Sprites/Brown Pants.png using Guid(22be08e0ea504834db9c22e14b6f0efa) Importer(815301076,1909f56bfc062723c751e8b465ee728b)  -> (artifact id: '69ac7a72a96e805f09e26f241bf159cc') in 0.016768 seconds 
========================================================================
Received Import Request.
  Time since last request: 0.000358 seconds.
  path: Assets/Art/Equipped Sprites/Green Pants.png
  artifactKey: Guid(e32054904bdfe734d8f5bbdb4a6e9bfa) Importer(815301076,1909f56bfc062723c751e8b465ee728b)
Start importing Assets/Art/Equipped Sprites/Green Pants.png using Guid(e32054904bdfe734d8f5bbdb4a6e9bfa) Importer(815301076,1909f56bfc062723c751e8b465ee728b)  -> (artifact id: '3ea4d6d6650133b5504b4f86ac4e7090') in 0.017038 seconds 
========================================================================
Received Import Request.
  Time since last request: 0.000300 seconds.
  path: Assets/Art/Equipped Sprites
  artifactKey: Guid(b32060bc88fa1ad45aa7ff58a4421eca) Importer(815301076,1909f56bfc062723c751e8b465ee728b)
Start importing Assets/Art/Equipped Sprites using Guid(b32060bc88fa1ad45aa7ff58a4421eca) Importer(815301076,1909f56bfc062723c751e8b465ee728b)  -> (artifact id: '78b72a36e8207ca369ee7842510e2ee4') in 0.004487 seconds 
========================================================================
Received Import Request.
  Time since last request: 0.000271 seconds.
  path: Assets/Art/Equipped Sprites/Tunic.png
  artifactKey: Guid(5687c45cbff52fa4cb2444ed3c4fcc14) Importer(815301076,1909f56bfc062723c751e8b465ee728b)
Start importing Assets/Art/Equipped Sprites/Tunic.png using Guid(5687c45cbff52fa4cb2444ed3c4fcc14) Importer(815301076,1909f56bfc062723c751e8b465ee728b)  -> (artifact id: '148a89a0eadb9e70f4bfb6653333b479') in 0.015295 seconds 
========================================================================
Received Import Request.
  Time since last request: 1308.097000 seconds.
  path: Assets/Art/Equipped Sprites/Brown Gloves.png
  artifactKey: Guid(34426c931824ff1459cb601cba9a67df) Importer(815301076,1909f56bfc062723c751e8b465ee728b)
Start importing Assets/Art/Equipped Sprites/Brown Gloves.png using Guid(34426c931824ff1459cb601cba9a67df) Importer(815301076,1909f56bfc062723c751e8b465ee728b)  -> (artifact id: 'b6528bc54605231a00faf446f9ec8c1d') in 0.021530 seconds 
========================================================================
Received Import Request.
  Time since last request: 0.000326 seconds.
  path: Assets/Art/Equipped Sprites/Steel Shield.png
  artifactKey: Guid(0faa3c3341633264c848da22c52aca46) Importer(815301076,1909f56bfc062723c751e8b465ee728b)
Start importing Assets/Art/Equipped Sprites/Steel Shield.png using Guid(0faa3c3341633264c848da22c52aca46) Importer(815301076,1909f56bfc062723c751e8b465ee728b)  -> (artifact id: 'f2c1ef60dd758db627ceefc1d6916fbe') in 0.028060 seconds 
========================================================================
Received Import Request.
  Time since last request: 0.000304 seconds.
  path: Assets/Art/Equipped Sprites/LegArmor.png
  artifactKey: Guid(8ab54385e724ab447816cd8ed2142e44) Importer(815301076,1909f56bfc062723c751e8b465ee728b)
Start importing Assets/Art/Equipped Sprites/LegArmor.png using Guid(8ab54385e724ab447816cd8ed2142e44) Importer(815301076,1909f56bfc062723c751e8b465ee728b)  -> (artifact id: 'f22c2ac1fc521b5b18a460670a085336') in 0.028987 seconds 
========================================================================
Received Import Request.
  Time since last request: 1824.123453 seconds.
  path: Assets/Art/Equipped Sprites/ShirtsAndBodyArmor.png
  artifactKey: Guid(e44b0bda5fde2104399981aac835ec96) Importer(815301076,1909f56bfc062723c751e8b465ee728b)
Start importing Assets/Art/Equipped Sprites/ShirtsAndBodyArmor.png using Guid(e44b0bda5fde2104399981aac835ec96) Importer(815301076,1909f56bfc062723c751e8b465ee728b)  -> (artifact id: 'c913d0d680946e9ed2ad44d1a5319cc7') in 0.023911 seconds 
========================================================================
Received Import Request.
  Time since last request: 7.375984 seconds.
  path: Assets/Art/Equipped Sprites/PantsAndLegArmor.png
  artifactKey: Guid(8ab54385e724ab447816cd8ed2142e44) Importer(815301076,1909f56bfc062723c751e8b465ee728b)
Start importing Assets/Art/Equipped Sprites/PantsAndLegArmor.png using Guid(8ab54385e724ab447816cd8ed2142e44) Importer(815301076,1909f56bfc062723c751e8b465ee728b)  -> (artifact id: 'a42b854d95c34aead43825120d664ee5') in 0.011114 seconds 
========================================================================
Received Import Request.
  Time since last request: 2309.247016 seconds.
  path: Assets/Art/Equipped Sprites/ShirtsAndBodyArmor.png
  artifactKey: Guid(e44b0bda5fde2104399981aac835ec96) Importer(815301076,1909f56bfc062723c751e8b465ee728b)
Start importing Assets/Art/Equipped Sprites/ShirtsAndBodyArmor.png using Guid(e44b0bda5fde2104399981aac835ec96) Importer(815301076,1909f56bfc062723c751e8b465ee728b)  -> (artifact id: '236628c9575b2fe112f5274cae72d79e') in 0.021226 seconds 
========================================================================
Received Import Request.
  Time since last request: 0.000273 seconds.
  path: Assets/Art/Equipped Sprites/SmallGloves.png
  artifactKey: Guid(b12abd6b77f9b8048ae4720f082c4c54) Importer(815301076,1909f56bfc062723c751e8b465ee728b)
Start importing Assets/Art/Equipped Sprites/SmallGloves.png using Guid(b12abd6b77f9b8048ae4720f082c4c54) Importer(815301076,1909f56bfc062723c751e8b465ee728b)  -> (artifact id: 'af6117f6e05c3942a904e0b6dc9aed22') in 0.022209 seconds 
========================================================================
Received Import Request.
  Time since last request: 735.600281 seconds.
  path: Assets/Art/Equipped Sprites/LongGloves.png
  artifactKey: Guid(73d886534a92fd44f85b280b1c1226fd) Importer(815301076,1909f56bfc062723c751e8b465ee728b)
Start importing Assets/Art/Equipped Sprites/LongGloves.png using Guid(73d886534a92fd44f85b280b1c1226fd) Importer(815301076,1909f56bfc062723c751e8b465ee728b)  -> (artifact id: '633cc3e1c073cb09403a5f9b6c61a7f0') in 0.020849 seconds 
========================================================================
Received Import Request.
  Time since last request: 0.000281 seconds.
  path: Assets/Art/Equipped Sprites/ShirtsAndBodyArmor.png
  artifactKey: Guid(e44b0bda5fde2104399981aac835ec96) Importer(815301076,1909f56bfc062723c751e8b465ee728b)
Start importing Assets/Art/Equipped Sprites/ShirtsAndBodyArmor.png using Guid(e44b0bda5fde2104399981aac835ec96) Importer(815301076,1909f56bfc062723c751e8b465ee728b)  -> (artifact id: 'a895070c0a197c5519d8bf4fc4b7a3cd') in 0.026001 seconds 
========================================================================
Received Import Request.
  Time since last request: 0.000286 seconds.
  path: Assets/Art/Equipped Sprites/Shoes.png
  artifactKey: Guid(fa46078da661c4d448b24dc64d3e0315) Importer(815301076,1909f56bfc062723c751e8b465ee728b)
Start importing Assets/Art/Equipped Sprites/Shoes.png using Guid(fa46078da661c4d448b24dc64d3e0315) Importer(815301076,1909f56bfc062723c751e8b465ee728b)  -> (artifact id: 'dee80abf60aba451e7ba93402df51195') in 0.021572 seconds 
========================================================================
Received Import Request.
  Time since last request: 1455.891514 seconds.
  path: Assets/Art/Equipped Sprites/Boots.png
  artifactKey: Guid(9ac40568e1ce9ad4abf6b36470f56c31) Importer(815301076,1909f56bfc062723c751e8b465ee728b)
Start importing Assets/Art/Equipped Sprites/Boots.png using Guid(9ac40568e1ce9ad4abf6b36470f56c31) Importer(815301076,1909f56bfc062723c751e8b465ee728b)  -> (artifact id: '27a56118063a7400a105400d6f12cd62') in 0.028362 seconds 
========================================================================
Received Import Request.
  Time since last request: 0.000313 seconds.
  path: Assets/Art/Equipped Sprites/Shields_Plain.png
  artifactKey: Guid(c0728ec74ed7f9b4c9a37754b5624963) Importer(815301076,1909f56bfc062723c751e8b465ee728b)
Start importing Assets/Art/Equipped Sprites/Shields_Plain.png using Guid(c0728ec74ed7f9b4c9a37754b5624963) Importer(815301076,1909f56bfc062723c751e8b465ee728b)  -> (artifact id: '7c67a7a6748c3b8cbdec2bc5c10cd41a') in 0.029809 seconds 
========================================================================
Received Import Request.
  Time since last request: 5.809421 seconds.
  path: Assets/Art/Equipped Sprites/Gloves_Long.png
  artifactKey: Guid(73d886534a92fd44f85b280b1c1226fd) Importer(815301076,1909f56bfc062723c751e8b465ee728b)
Start importing Assets/Art/Equipped Sprites/Gloves_Long.png using Guid(73d886534a92fd44f85b280b1c1226fd) Importer(815301076,1909f56bfc062723c751e8b465ee728b)  -> (artifact id: '773b51fbac0d83aa0a1dc6927dbaa9c6') in 0.015141 seconds 
========================================================================
Received Import Request.
  Time since last request: 19.923199 seconds.
  path: Assets/Art/Equipped Sprites/Gloves_Small.png
  artifactKey: Guid(b12abd6b77f9b8048ae4720f082c4c54) Importer(815301076,1909f56bfc062723c751e8b465ee728b)
Start importing Assets/Art/Equipped Sprites/Gloves_Small.png using Guid(b12abd6b77f9b8048ae4720f082c4c54) Importer(815301076,1909f56bfc062723c751e8b465ee728b)  -> (artifact id: '6a25e546317627deb0d2ca588f9af273') in 0.012462 seconds 
========================================================================
Received Import Request.
  Time since last request: 318.777871 seconds.
  path: Assets/Art/Items/Items.png
  artifactKey: Guid(10130e9df8ebccd44a6337d73aca4f0f) Importer(815301076,1909f56bfc062723c751e8b465ee728b)
Start importing Assets/Art/Items/Items.png using Guid(10130e9df8ebccd44a6337d73aca4f0f) Importer(815301076,1909f56bfc062723c751e8b465ee728b)  -> (artifact id: '6e593839d176581a3ab6207984b79303') in 0.200853 seconds 
========================================================================
Received Import Request.
  Time since last request: 4.196005 seconds.
  path: Assets/Art/Items/Items.png
  artifactKey: Guid(10130e9df8ebccd44a6337d73aca4f0f) Importer(815301076,1909f56bfc062723c751e8b465ee728b)
Start importing Assets/Art/Items/Items.png using Guid(10130e9df8ebccd44a6337d73aca4f0f) Importer(815301076,1909f56bfc062723c751e8b465ee728b)  -> (artifact id: 'ca5a2ec3e6147897118a392e824516cd') in 0.188511 seconds 
========================================================================
Received Import Request.
  Time since last request: 9.958004 seconds.
  path: Assets/Art/Items/Items.png
  artifactKey: Guid(10130e9df8ebccd44a6337d73aca4f0f) Importer(815301076,1909f56bfc062723c751e8b465ee728b)
Start importing Assets/Art/Items/Items.png using Guid(10130e9df8ebccd44a6337d73aca4f0f) Importer(815301076,1909f56bfc062723c751e8b465ee728b)  -> (artifact id: '458135171ab7bd2c8283c640366b0246') in 0.185478 seconds 
========================================================================
Received Import Request.
  Time since last request: 939.443541 seconds.
  path: Assets/Art/Equipped Sprites/Swords_Basic.png
  artifactKey: Guid(f20a51d4e8c99fb4b989b0d8c061c05f) Importer(815301076,1909f56bfc062723c751e8b465ee728b)
Start importing Assets/Art/Equipped Sprites/Swords_Basic.png using Guid(f20a51d4e8c99fb4b989b0d8c061c05f) Importer(815301076,1909f56bfc062723c751e8b465ee728b)  -> (artifact id: '841173096f6e7da0792aae172bde04d1') in 0.022046 seconds 
========================================================================
Received Import Request.
  Time since last request: 242.531121 seconds.
  path: Assets/Items/Weapons
  artifactKey: Guid(dc7e8aae08937e24abb96d83ec9e0d96) Importer(815301076,1909f56bfc062723c751e8b465ee728b)
Start importing Assets/Items/Weapons using Guid(dc7e8aae08937e24abb96d83ec9e0d96) Importer(815301076,1909f56bfc062723c751e8b465ee728b)  -> (artifact id: '57fa39708f79d4eb9478c7ca3d9cfcda') in 0.003472 seconds 
========================================================================
Received Import Request.
  Time since last request: 15.020439 seconds.
  path: Assets/Items/Bags
  artifactKey: Guid(df82407a49a82dd43860cc17d4b76181) Importer(815301076,1909f56bfc062723c751e8b465ee728b)
Start importing Assets/Items/Bags using Guid(df82407a49a82dd43860cc17d4b76181) Importer(815301076,1909f56bfc062723c751e8b465ee728b)  -> (artifact id: '2b7b3298dc754277584d9c8e2af8a40f') in 0.007602 seconds 
========================================================================
Received Import Request.
  Time since last request: 9.669835 seconds.
  path: Assets/Items/Portable Containers
  artifactKey: Guid(cd6ac1853b8b24140bd2e7866b83d024) Importer(815301076,1909f56bfc062723c751e8b465ee728b)
Start importing Assets/Items/Portable Containers using Guid(cd6ac1853b8b24140bd2e7866b83d024) Importer(815301076,1909f56bfc062723c751e8b465ee728b)  -> (artifact id: 'eb384872f7113a9925632054d1894869') in 0.005520 seconds 
========================================================================
Received Import Request.
  Time since last request: 5.936600 seconds.
  path: Assets/Items/Keys
  artifactKey: Guid(54daf9933f603d4459bbecdcda54dfdc) Importer(815301076,1909f56bfc062723c751e8b465ee728b)
Start importing Assets/Items/Keys using Guid(54daf9933f603d4459bbecdcda54dfdc) Importer(815301076,1909f56bfc062723c751e8b465ee728b)  -> (artifact id: '14300de4d1f0af4313e83513e2887640') in 0.004641 seconds 
========================================================================
Received Import Request.
  Time since last request: 5.802834 seconds.
  path: Assets/Items/Food
  artifactKey: Guid(c11f87986bcc8ae43bb51d5690ac0f31) Importer(815301076,1909f56bfc062723c751e8b465ee728b)
Start importing Assets/Items/Food using Guid(c11f87986bcc8ae43bb51d5690ac0f31) Importer(815301076,1909f56bfc062723c751e8b465ee728b)  -> (artifact id: 'bbce528acf898a8ecfb2d6ccc0b1b486') in 0.005316 seconds 
========================================================================
Received Import Request.
  Time since last request: 14.839510 seconds.
  path: Assets/Items/Weapons/Swords
  artifactKey: Guid(b020494f2e9142e4684bb887eb707fc5) Importer(815301076,1909f56bfc062723c751e8b465ee728b)
Start importing Assets/Items/Weapons/Swords using Guid(b020494f2e9142e4684bb887eb707fc5) Importer(815301076,1909f56bfc062723c751e8b465ee728b)  -> (artifact id: '8d5fc141fa6d0d0e1bb508b7800c01ee') in 0.004186 seconds 
========================================================================
Received Import Request.
  Time since last request: 5.977276 seconds.
  path: Assets/Items/Weapons/Ammo
  artifactKey: Guid(59790597f77b66a488d9815f82492545) Importer(815301076,1909f56bfc062723c751e8b465ee728b)
Start importing Assets/Items/Weapons/Ammo using Guid(59790597f77b66a488d9815f82492545) Importer(815301076,1909f56bfc062723c751e8b465ee728b)  -> (artifact id: '71ce38935f835b3e8cfe75cadd2b8ddf') in 0.006907 seconds 
========================================================================
Received Import Request.
  Time since last request: 130.934139 seconds.
  path: Assets/Art/Characters/Characters.png
  artifactKey: Guid(e211e1b4a22c9b8478afb28b669f6bab) Importer(815301076,1909f56bfc062723c751e8b465ee728b)
Start importing Assets/Art/Characters/Characters.png using Guid(e211e1b4a22c9b8478afb28b669f6bab) Importer(815301076,1909f56bfc062723c751e8b465ee728b)  -> (artifact id: 'e170a8ef31cc9e054b6693286d510736') in 1.223352 seconds 
========================================================================
Received Import Request.
  Time since last request: 29.998192 seconds.
  path: Assets/Art/Equipped Sprites/Boots.png
  artifactKey: Guid(9ac40568e1ce9ad4abf6b36470f56c31) Importer(815301076,1909f56bfc062723c751e8b465ee728b)
Start importing Assets/Art/Equipped Sprites/Boots.png using Guid(9ac40568e1ce9ad4abf6b36470f56c31) Importer(815301076,1909f56bfc062723c751e8b465ee728b)  -> (artifact id: 'fdcad436921d748f3fc6614206a581d3') in 0.018158 seconds 
========================================================================
Received Import Request.
  Time since last request: 0.000979 seconds.
  path: Assets/Art/Equipped Sprites/Gloves_Small.png
  artifactKey: Guid(b12abd6b77f9b8048ae4720f082c4c54) Importer(815301076,1909f56bfc062723c751e8b465ee728b)
Start importing Assets/Art/Equipped Sprites/Gloves_Small.png using Guid(b12abd6b77f9b8048ae4720f082c4c54) Importer(815301076,1909f56bfc062723c751e8b465ee728b)  -> (artifact id: '89e89a9ffcf1d57afde604766f2545f6') in 0.015760 seconds 
========================================================================
Received Import Request.
  Time since last request: 0.000328 seconds.
  path: Assets/Art/Equipped Sprites/Gloves_Long.png
  artifactKey: Guid(73d886534a92fd44f85b280b1c1226fd) Importer(815301076,1909f56bfc062723c751e8b465ee728b)
Start importing Assets/Art/Equipped Sprites/Gloves_Long.png using Guid(73d886534a92fd44f85b280b1c1226fd) Importer(815301076,1909f56bfc062723c751e8b465ee728b)  -> (artifact id: 'bc2e33cba05da26345b14a86d2f718f6') in 0.010679 seconds 
========================================================================
Received Import Request.
  Time since last request: 0.000337 seconds.
  path: Assets/Art/Equipped Sprites/Swords_Basic.png
  artifactKey: Guid(f20a51d4e8c99fb4b989b0d8c061c05f) Importer(815301076,1909f56bfc062723c751e8b465ee728b)
Start importing Assets/Art/Equipped Sprites/Swords_Basic.png using Guid(f20a51d4e8c99fb4b989b0d8c061c05f) Importer(815301076,1909f56bfc062723c751e8b465ee728b)  -> (artifact id: 'f9d9382b53e2f6c364c2c1964a93b40b') in 0.014394 seconds 
========================================================================
Received Import Request.
  Time since last request: 0.000324 seconds.
  path: Assets/Art/Equipped Sprites/PantsAndLegArmor.png
  artifactKey: Guid(8ab54385e724ab447816cd8ed2142e44) Importer(815301076,1909f56bfc062723c751e8b465ee728b)
Start importing Assets/Art/Equipped Sprites/PantsAndLegArmor.png using Guid(8ab54385e724ab447816cd8ed2142e44) Importer(815301076,1909f56bfc062723c751e8b465ee728b)  -> (artifact id: '785c25650e94bfd116b71e0aea237726') in 0.012584 seconds 
========================================================================
Received Import Request.
  Time since last request: 0.000392 seconds.
  path: Assets/Art/Equipped Sprites/ShirtsAndBodyArmor.png
  artifactKey: Guid(e44b0bda5fde2104399981aac835ec96) Importer(815301076,1909f56bfc062723c751e8b465ee728b)
Start importing Assets/Art/Equipped Sprites/ShirtsAndBodyArmor.png using Guid(e44b0bda5fde2104399981aac835ec96) Importer(815301076,1909f56bfc062723c751e8b465ee728b)  -> (artifact id: 'e26a9f78046f044c48b299bbbc800a6e') in 0.011571 seconds 
========================================================================
Received Import Request.
  Time since last request: 0.000345 seconds.
  path: Assets/Art/Equipped Sprites/Shields_Plain.png
  artifactKey: Guid(c0728ec74ed7f9b4c9a37754b5624963) Importer(815301076,1909f56bfc062723c751e8b465ee728b)
Start importing Assets/Art/Equipped Sprites/Shields_Plain.png using Guid(c0728ec74ed7f9b4c9a37754b5624963) Importer(815301076,1909f56bfc062723c751e8b465ee728b)  -> (artifact id: 'b6b5ef13ae81823b4743cf3f907d83c5') in 0.012197 seconds 
========================================================================
Received Import Request.
  Time since last request: 0.000360 seconds.
  path: Assets/Art/Equipped Sprites/Shoes.png
  artifactKey: Guid(fa46078da661c4d448b24dc64d3e0315) Importer(815301076,1909f56bfc062723c751e8b465ee728b)
Start importing Assets/Art/Equipped Sprites/Shoes.png using Guid(fa46078da661c4d448b24dc64d3e0315) Importer(815301076,1909f56bfc062723c751e8b465ee728b)  -> (artifact id: 'cb84146fc86ff147849bf8e3ea797851') in 0.010937 seconds 
========================================================================
Received Import Request.
  Time since last request: 17.221412 seconds.
  path: Assets/Art/Equipped Sprites/Boots.png
  artifactKey: Guid(9ac40568e1ce9ad4abf6b36470f56c31) Importer(815301076,1909f56bfc062723c751e8b465ee728b)
Start importing Assets/Art/Equipped Sprites/Boots.png using Guid(9ac40568e1ce9ad4abf6b36470f56c31) Importer(815301076,1909f56bfc062723c751e8b465ee728b)  -> (artifact id: '8558c18917475b27e6203ed217b20bcc') in 0.067566 seconds 
========================================================================
Received Import Request.
  Time since last request: 27.901515 seconds.
  path: Assets/Art/Equipped Sprites/Gloves_Long.png
  artifactKey: Guid(73d886534a92fd44f85b280b1c1226fd) Importer(815301076,1909f56bfc062723c751e8b465ee728b)
Start importing Assets/Art/Equipped Sprites/Gloves_Long.png using Guid(73d886534a92fd44f85b280b1c1226fd) Importer(815301076,1909f56bfc062723c751e8b465ee728b)  -> (artifact id: 'f8fc31e07cf17b8cb23cec50a49fe156') in 0.072306 seconds 
========================================================================
Received Import Request.
  Time since last request: 5.977070 seconds.
  path: Assets/Art/Equipped Sprites/Gloves_Small.png
  artifactKey: Guid(b12abd6b77f9b8048ae4720f082c4c54) Importer(815301076,1909f56bfc062723c751e8b465ee728b)
Start importing Assets/Art/Equipped Sprites/Gloves_Small.png using Guid(b12abd6b77f9b8048ae4720f082c4c54) Importer(815301076,1909f56bfc062723c751e8b465ee728b)  -> (artifact id: 'ef4d5ba8aa3319b9518542746fa2f168') in 0.065787 seconds 
========================================================================
Received Import Request.
  Time since last request: 6.045810 seconds.
  path: Assets/Art/Equipped Sprites/PantsAndLegArmor.png
  artifactKey: Guid(8ab54385e724ab447816cd8ed2142e44) Importer(815301076,1909f56bfc062723c751e8b465ee728b)
Start importing Assets/Art/Equipped Sprites/PantsAndLegArmor.png using Guid(8ab54385e724ab447816cd8ed2142e44) Importer(815301076,1909f56bfc062723c751e8b465ee728b)  -> (artifact id: 'e705c3dd35b5d9786efef54c42577e8e') in 0.077296 seconds 
========================================================================
Received Import Request.
  Time since last request: 6.171288 seconds.
  path: Assets/Art/Equipped Sprites/Shields_Plain.png
  artifactKey: Guid(c0728ec74ed7f9b4c9a37754b5624963) Importer(815301076,1909f56bfc062723c751e8b465ee728b)
Start importing Assets/Art/Equipped Sprites/Shields_Plain.png using Guid(c0728ec74ed7f9b4c9a37754b5624963) Importer(815301076,1909f56bfc062723c751e8b465ee728b)  -> (artifact id: '8b72ac7518a5bbf5a032daeb0febec38') in 0.072916 seconds 
========================================================================
Received Import Request.
  Time since last request: 7.616475 seconds.
  path: Assets/Art/Equipped Sprites/ShirtsAndBodyArmor.png
  artifactKey: Guid(e44b0bda5fde2104399981aac835ec96) Importer(815301076,1909f56bfc062723c751e8b465ee728b)
Start importing Assets/Art/Equipped Sprites/ShirtsAndBodyArmor.png using Guid(e44b0bda5fde2104399981aac835ec96) Importer(815301076,1909f56bfc062723c751e8b465ee728b)  -> (artifact id: '9b5b866593a3b5dd3675d5e0e219e64a') in 0.084797 seconds 
========================================================================
Received Import Request.
  Time since last request: 6.294730 seconds.
  path: Assets/Art/Equipped Sprites/Shoes.png
  artifactKey: Guid(fa46078da661c4d448b24dc64d3e0315) Importer(815301076,1909f56bfc062723c751e8b465ee728b)
Start importing Assets/Art/Equipped Sprites/Shoes.png using Guid(fa46078da661c4d448b24dc64d3e0315) Importer(815301076,1909f56bfc062723c751e8b465ee728b)  -> (artifact id: 'fa5c890e70fefe937ad4c052b7a46376') in 0.068729 seconds 
========================================================================
Received Import Request.
  Time since last request: 6.589433 seconds.
  path: Assets/Art/Equipped Sprites/Swords_Basic.png
  artifactKey: Guid(f20a51d4e8c99fb4b989b0d8c061c05f) Importer(815301076,1909f56bfc062723c751e8b465ee728b)
Start importing Assets/Art/Equipped Sprites/Swords_Basic.png using Guid(f20a51d4e8c99fb4b989b0d8c061c05f) Importer(815301076,1909f56bfc062723c751e8b465ee728b)  -> (artifact id: 'ec2c137573d74364e7b0097023ddb22e') in 0.064480 seconds 
========================================================================
Received Prepare
Registering precompiled user dll's ...
Registered in 0.021603 seconds.
Begin MonoManager ReloadAssembly
Symbol file LoadedFromMemory doesn't match image C:\Users\cuell\OneDrive\Desktop\Game Projects\Project Roguelike\Library\PackageCache\com.unity.visualscripting@1.6.1\Editor\VisualScripting.Core\Dependencies\YamlDotNet\Unity.VisualScripting.YamlDotNet.dll
Symbol file LoadedFromMemory doesn't match image C:\Users\cuell\OneDrive\Desktop\Game Projects\Project Roguelike\Library\PackageCache\com.unity.visualscripting@1.6.1\Editor\VisualScripting.Core\Dependencies\DotNetZip\Unity.VisualScripting.IonicZip.dll
Native extension for WindowsStandalone target not found
Native extension for WebGL target not found
Refreshing native plugins compatible for Editor in 1.09 ms, found 6 plugins.
Preloading 0 native plugins for Editor in 0.00 ms.
System.ArgumentException: Empty path name is not legal.
  at System.IO.StreamReader..ctor (System.String path, System.Text.Encoding encoding, System.Boolean detectEncodingFromByteOrderMarks, System.Int32 bufferSize, System.Boolean checkHost) [0x00033] in <695d1cc93cca45069c528c15c9fdd749>:0 
  at System.IO.StreamReader..ctor (System.String path, System.Text.Encoding encoding, System.Boolean detectEncodingFromByteOrderMarks, System.Int32 bufferSize) [0x00000] in <695d1cc93cca45069c528c15c9fdd749>:0 
  at System.IO.StreamReader..ctor (System.String path, System.Boolean detectEncodingFromByteOrderMarks) [0x0000d] in <695d1cc93cca45069c528c15c9fdd749>:0 
  at System.IO.StreamReader..ctor (System.String path) [0x00000] in <695d1cc93cca45069c528c15c9fdd749>:0 
  at (wrapper remoting-invoke-with-check) System.IO.StreamReader..ctor(string)
  at InControl.NativeProfileListGenerator.GetFileContents (System.String fileName) [0x00000] in C:\Users\cuell\OneDrive\Desktop\Game Projects\Project Roguelike\Assets\InControl\Editor\NativeProfileListGenerator.cs:75 
  at InControl.NativeProfileListGenerator.PutFileContents (System.String filePath, System.String content) [0x00000] in C:\Users\cuell\OneDrive\Desktop\Game Projects\Project Roguelike\Assets\InControl\Editor\NativeProfileListGenerator.cs:85 
  at InControl.NativeProfileListGenerator.DiscoverProfiles () [0x000fa] in C:\Users\cuell\OneDrive\Desktop\Game Projects\Project Roguelike\Assets\InControl\Editor\NativeProfileListGenerator.cs:66 
  at InControl.NativeProfileListGenerator..cctor () [0x00007] in C:\Users\cuell\OneDrive\Desktop\Game Projects\Project Roguelike\Assets\InControl\Editor\NativeProfileListGenerator.cs:19 
UnityEngine.StackTraceUtility:ExtractStackTrace ()
UnityEngine.DebugLogHandler:LogFormat (UnityEngine.LogType,UnityEngine.Object,string,object[])
UnityEngine.Logger:Log (UnityEngine.LogType,object)
UnityEngine.Debug:LogError (object)
UnityEditor.EditorAssemblies:ProcessInitializeOnLoadAttributes (System.Type[])

System.ArgumentException: Empty path name is not legal.
  at System.IO.StreamReader..ctor (System.String path, System.Text.Encoding encoding, System.Boolean detectEncodingFromByteOrderMarks, System.Int32 bufferSize, System.Boolean checkHost) [0x00033] in <695d1cc93cca45069c528c15c9fdd749>:0 
  at System.IO.StreamReader..ctor (System.String path, System.Text.Encoding encoding, System.Boolean detectEncodingFromByteOrderMarks, System.Int32 bufferSize) [0x00000] in <695d1cc93cca45069c528c15c9fdd749>:0 
  at System.IO.StreamReader..ctor (System.String path, System.Boolean detectEncodingFromByteOrderMarks) [0x0000d] in <695d1cc93cca45069c528c15c9fdd749>:0 
  at System.IO.StreamReader..ctor (System.String path) [0x00000] in <695d1cc93cca45069c528c15c9fdd749>:0 
  at (wrapper remoting-invoke-with-check) System.IO.StreamReader..ctor(string)
  at InControl.UnityProfileListGenerator.GetFileContents (System.String fileName) [0x00000] in C:\Users\cuell\OneDrive\Desktop\Game Projects\Project Roguelike\Assets\InControl\Editor\UnityProfileListGenerator.cs:75 
  at InControl.UnityProfileListGenerator.PutFileContents (System.String filePath, System.String content) [0x00000] in C:\Users\cuell\OneDrive\Desktop\Game Projects\Project Roguelike\Assets\InControl\Editor\UnityProfileListGenerator.cs:84 
  at InControl.UnityProfileListGenerator.DiscoverProfiles () [0x000fa] in C:\Users\cuell\OneDrive\Desktop\Game Projects\Project Roguelike\Assets\InControl\Editor\UnityProfileListGenerator.cs:66 
  at InControl.UnityProfileListGenerator..cctor () [0x00007] in C:\Users\cuell\OneDrive\Desktop\Game Projects\Project Roguelike\Assets\InControl\Editor\UnityProfileListGenerator.cs:19 
UnityEngine.StackTraceUtility:ExtractStackTrace ()
UnityEngine.DebugLogHandler:LogFormat (UnityEngine.LogType,UnityEngine.Object,string,object[])
UnityEngine.Logger:Log (UnityEngine.LogType,object)
UnityEngine.Debug:LogError (object)
UnityEditor.EditorAssemblies:ProcessInitializeOnLoadAttributes (System.Type[])

Mono: successfully reloaded assembly
- Completed reload, in  2.246 seconds
Domain Reload Profiling:
	ReloadAssembly (2247ms)
		BeginReloadAssembly (195ms)
			ExecutionOrderSort (0ms)
			DisableScriptedObjects (10ms)
			BackupInstance (0ms)
			ReleaseScriptingObjects (0ms)
			CreateAndSetChildDomain (63ms)
		EndReloadAssembly (1952ms)
			LoadAssemblies (167ms)
			RebuildTransferFunctionScriptingTraits (0ms)
			SetupTypeCache (580ms)
			ReleaseScriptCaches (1ms)
			RebuildScriptCaches (67ms)
			SetupLoadedEditorAssemblies (844ms)
				LogAssemblyErrors (0ms)
				InitializePlatformSupportModulesInManaged (10ms)
				SetLoadedEditorAssemblies (4ms)
				RefreshPlugins (1ms)
				BeforeProcessingInitializeOnLoad (168ms)
				ProcessInitializeOnLoadAttributes (636ms)
				ProcessInitializeOnLoadMethodAttributes (11ms)
				AfterProcessingInitializeOnLoad (14ms)
				EditorAssembliesLoaded (0ms)
			ExecutionOrderSort2 (0ms)
			AwakeInstancesAfterBackupRestoration (29ms)
Platform modules already initialized, skipping
Refreshing native plugins compatible for Editor in 0.99 ms, found 6 plugins.
Preloading 0 native plugins for Editor in 0.00 ms.
Unloading 4630 Unused Serialized files (Serialized files now loaded: 0)
System memory in use before: 186.0 MB.
System memory in use after: 186.1 MB.

Unloading 40 unused Assets to reduce memory usage. Loaded Objects now: 5668.
Total: 10.373100 ms (FindLiveObjects: 0.598200 ms CreateObjectMapping: 1.275700 ms MarkObjects: 8.296300 ms  DeleteObjects: 0.200700 ms)

AssetImportParameters requested are different than current active one (requested -> active):
  custom:framework-win-MediaFoundation: 216162199b28c13a410421893ffa2e32 -> 
  custom:video-decoder-ogg-theora: a1e56fd34408186e4bbccfd4996cb3dc -> 
  custom:container-muxer-webm: aa71ff27fc2769a1b78a27578f13a17b -> 
  custom:container-demuxer-webm: 4f35f7cbe854078d1ac9338744f61a02 -> 
  custom:container-demuxer-ogg: 62fdf1f143b41e24485cea50d1cbac27 -> 
  custom:video-encoder-webm-vp8: eb34c28f22e8b96e1ab97ce403110664 -> 
  custom:video-decoder-webm-vp8: 9c59270c3fd7afecdb556c50c9e8de78 -> 
  custom:audio-decoder-ogg-vorbis: bf7c407c2cedff20999df2af8eb42d56 -> 
  custom:audio-encoder-webm-vorbis: bf7c407c2cedff20999df2af8eb42d56 -> 
========================================================================
Received Prepare
Registering precompiled user dll's ...
Registered in 0.014866 seconds.
Begin MonoManager ReloadAssembly
Symbol file LoadedFromMemory doesn't match image C:\Users\cuell\OneDrive\Desktop\Game Projects\Project Roguelike\Library\PackageCache\com.unity.visualscripting@1.6.1\Editor\VisualScripting.Core\Dependencies\YamlDotNet\Unity.VisualScripting.YamlDotNet.dll
Symbol file LoadedFromMemory doesn't match image C:\Users\cuell\OneDrive\Desktop\Game Projects\Project Roguelike\Library\PackageCache\com.unity.visualscripting@1.6.1\Editor\VisualScripting.Core\Dependencies\DotNetZip\Unity.VisualScripting.IonicZip.dll
Native extension for WindowsStandalone target not found
Native extension for WebGL target not found
Refreshing native plugins compatible for Editor in 1.15 ms, found 6 plugins.
Preloading 0 native plugins for Editor in 0.00 ms.
System.ArgumentException: Empty path name is not legal.
  at System.IO.StreamReader..ctor (System.String path, System.Text.Encoding encoding, System.Boolean detectEncodingFromByteOrderMarks, System.Int32 bufferSize, System.Boolean checkHost) [0x00033] in <695d1cc93cca45069c528c15c9fdd749>:0 
  at System.IO.StreamReader..ctor (System.String path, System.Text.Encoding encoding, System.Boolean detectEncodingFromByteOrderMarks, System.Int32 bufferSize) [0x00000] in <695d1cc93cca45069c528c15c9fdd749>:0 
  at System.IO.StreamReader..ctor (System.String path, System.Boolean detectEncodingFromByteOrderMarks) [0x0000d] in <695d1cc93cca45069c528c15c9fdd749>:0 
  at System.IO.StreamReader..ctor (System.String path) [0x00000] in <695d1cc93cca45069c528c15c9fdd749>:0 
  at (wrapper remoting-invoke-with-check) System.IO.StreamReader..ctor(string)
  at InControl.NativeProfileListGenerator.GetFileContents (System.String fileName) [0x00000] in C:\Users\cuell\OneDrive\Desktop\Game Projects\Project Roguelike\Assets\InControl\Editor\NativeProfileListGenerator.cs:75 
  at InControl.NativeProfileListGenerator.PutFileContents (System.String filePath, System.String content) [0x00000] in C:\Users\cuell\OneDrive\Desktop\Game Projects\Project Roguelike\Assets\InControl\Editor\NativeProfileListGenerator.cs:85 
  at InControl.NativeProfileListGenerator.DiscoverProfiles () [0x000fa] in C:\Users\cuell\OneDrive\Desktop\Game Projects\Project Roguelike\Assets\InControl\Editor\NativeProfileListGenerator.cs:66 
  at InControl.NativeProfileListGenerator..cctor () [0x00007] in C:\Users\cuell\OneDrive\Desktop\Game Projects\Project Roguelike\Assets\InControl\Editor\NativeProfileListGenerator.cs:19 
UnityEngine.StackTraceUtility:ExtractStackTrace ()
UnityEngine.DebugLogHandler:LogFormat (UnityEngine.LogType,UnityEngine.Object,string,object[])
UnityEngine.Logger:Log (UnityEngine.LogType,object)
UnityEngine.Debug:LogError (object)
UnityEditor.EditorAssemblies:ProcessInitializeOnLoadAttributes (System.Type[])

System.ArgumentException: Empty path name is not legal.
  at System.IO.StreamReader..ctor (System.String path, System.Text.Encoding encoding, System.Boolean detectEncodingFromByteOrderMarks, System.Int32 bufferSize, System.Boolean checkHost) [0x00033] in <695d1cc93cca45069c528c15c9fdd749>:0 
  at System.IO.StreamReader..ctor (System.String path, System.Text.Encoding encoding, System.Boolean detectEncodingFromByteOrderMarks, System.Int32 bufferSize) [0x00000] in <695d1cc93cca45069c528c15c9fdd749>:0 
  at System.IO.StreamReader..ctor (System.String path, System.Boolean detectEncodingFromByteOrderMarks) [0x0000d] in <695d1cc93cca45069c528c15c9fdd749>:0 
  at System.IO.StreamReader..ctor (System.String path) [0x00000] in <695d1cc93cca45069c528c15c9fdd749>:0 
  at (wrapper remoting-invoke-with-check) System.IO.StreamReader..ctor(string)
  at InControl.UnityProfileListGenerator.GetFileContents (System.String fileName) [0x00000] in C:\Users\cuell\OneDrive\Desktop\Game Projects\Project Roguelike\Assets\InControl\Editor\UnityProfileListGenerator.cs:75 
  at InControl.UnityProfileListGenerator.PutFileContents (System.String filePath, System.String content) [0x00000] in C:\Users\cuell\OneDrive\Desktop\Game Projects\Project Roguelike\Assets\InControl\Editor\UnityProfileListGenerator.cs:84 
  at InControl.UnityProfileListGenerator.DiscoverProfiles () [0x000fa] in C:\Users\cuell\OneDrive\Desktop\Game Projects\Project Roguelike\Assets\InControl\Editor\UnityProfileListGenerator.cs:66 
  at InControl.UnityProfileListGenerator..cctor () [0x00007] in C:\Users\cuell\OneDrive\Desktop\Game Projects\Project Roguelike\Assets\InControl\Editor\UnityProfileListGenerator.cs:19 
UnityEngine.StackTraceUtility:ExtractStackTrace ()
UnityEngine.DebugLogHandler:LogFormat (UnityEngine.LogType,UnityEngine.Object,string,object[])
UnityEngine.Logger:Log (UnityEngine.LogType,object)
UnityEngine.Debug:LogError (object)
UnityEditor.EditorAssemblies:ProcessInitializeOnLoadAttributes (System.Type[])

Mono: successfully reloaded assembly
- Completed reload, in  1.811 seconds
Domain Reload Profiling:
	ReloadAssembly (1811ms)
		BeginReloadAssembly (171ms)
			ExecutionOrderSort (0ms)
			DisableScriptedObjects (13ms)
			BackupInstance (0ms)
			ReleaseScriptingObjects (0ms)
			CreateAndSetChildDomain (49ms)
		EndReloadAssembly (1547ms)
			LoadAssemblies (149ms)
			RebuildTransferFunctionScriptingTraits (0ms)
			SetupTypeCache (521ms)
			ReleaseScriptCaches (2ms)
			RebuildScriptCaches (64ms)
			SetupLoadedEditorAssemblies (666ms)
				LogAssemblyErrors (0ms)
				InitializePlatformSupportModulesInManaged (8ms)
				SetLoadedEditorAssemblies (1ms)
				RefreshPlugins (1ms)
				BeforeProcessingInitializeOnLoad (97ms)
				ProcessInitializeOnLoadAttributes (535ms)
				ProcessInitializeOnLoadMethodAttributes (12ms)
				AfterProcessingInitializeOnLoad (12ms)
				EditorAssembliesLoaded (0ms)
			ExecutionOrderSort2 (0ms)
			AwakeInstancesAfterBackupRestoration (26ms)
Platform modules already initialized, skipping
Refreshing native plugins compatible for Editor in 1.06 ms, found 6 plugins.
Preloading 0 native plugins for Editor in 0.00 ms.
Unloading 4620 Unused Serialized files (Serialized files now loaded: 0)
System memory in use before: 185.6 MB.
System memory in use after: 185.7 MB.

Unloading 40 unused Assets to reduce memory usage. Loaded Objects now: 5672.
Total: 6.439900 ms (FindLiveObjects: 0.559100 ms CreateObjectMapping: 0.429000 ms MarkObjects: 5.245700 ms  DeleteObjects: 0.204400 ms)

AssetImportParameters requested are different than current active one (requested -> active):
  custom:framework-win-MediaFoundation: 216162199b28c13a410421893ffa2e32 -> 
  custom:video-decoder-ogg-theora: a1e56fd34408186e4bbccfd4996cb3dc -> 
  custom:container-muxer-webm: aa71ff27fc2769a1b78a27578f13a17b -> 
  custom:container-demuxer-webm: 4f35f7cbe854078d1ac9338744f61a02 -> 
  custom:container-demuxer-ogg: 62fdf1f143b41e24485cea50d1cbac27 -> 
  custom:video-encoder-webm-vp8: eb34c28f22e8b96e1ab97ce403110664 -> 
  custom:video-decoder-webm-vp8: 9c59270c3fd7afecdb556c50c9e8de78 -> 
  custom:audio-decoder-ogg-vorbis: bf7c407c2cedff20999df2af8eb42d56 -> 
  custom:audio-encoder-webm-vorbis: bf7c407c2cedff20999df2af8eb42d56 -> 
========================================================================
Received Import Request.
  Time since last request: 1561.837593 seconds.
  path: Assets/Items/Wearables
  artifactKey: Guid(59239e7d487b7b9448ad34664a8ab1c0) Importer(815301076,1909f56bfc062723c751e8b465ee728b)
Start importing Assets/Items/Wearables using Guid(59239e7d487b7b9448ad34664a8ab1c0) Importer(815301076,1909f56bfc062723c751e8b465ee728b)  -> (artifact id: 'e2ce7eddb46db893cb35468f617f3e79') in 0.010694 seconds 
========================================================================
Received Import Request.
  Time since last request: 8.989853 seconds.
  path: Assets/Items/Wearables/Clothes
  artifactKey: Guid(cd268d32e0a3578499fb23971995fa36) Importer(815301076,1909f56bfc062723c751e8b465ee728b)
Start importing Assets/Items/Wearables/Clothes using Guid(cd268d32e0a3578499fb23971995fa36) Importer(815301076,1909f56bfc062723c751e8b465ee728b)  -> (artifact id: '14edc66edda7ff8691cdbb91fabb1c46') in 0.004364 seconds 
========================================================================
Received Import Request.
  Time since last request: 4.773907 seconds.
  path: Assets/Items/Wearables/Armor
  artifactKey: Guid(ae12727a4d3f0954fbcfb7864b679901) Importer(815301076,1909f56bfc062723c751e8b465ee728b)
Start importing Assets/Items/Wearables/Armor using Guid(ae12727a4d3f0954fbcfb7864b679901) Importer(815301076,1909f56bfc062723c751e8b465ee728b)  -> (artifact id: '851c2c3f2414c944452697b99a8196ef') in 0.006268 seconds 
========================================================================
Received Import Request.
  Time since last request: 10.987246 seconds.
  path: Assets/Items/Wearables/Clothes/Tunic.asset
  artifactKey: Guid(e04b6a9d16a455547ac8532d05dddee7) Importer(815301076,1909f56bfc062723c751e8b465ee728b)
Start importing Assets/Items/Wearables/Clothes/Tunic.asset using Guid(e04b6a9d16a455547ac8532d05dddee7) Importer(815301076,1909f56bfc062723c751e8b465ee728b)  -> (artifact id: 'b08e7cb3762127cdfeb51e60f2e51ba8') in 0.023296 seconds 
========================================================================
Received Import Request.
  Time since last request: 22.068813 seconds.
  path: Assets/Items/Wearables/Clothes/Leather Tunic.asset
  artifactKey: Guid(e04b6a9d16a455547ac8532d05dddee7) Importer(815301076,1909f56bfc062723c751e8b465ee728b)
Start importing Assets/Items/Wearables/Clothes/Leather Tunic.asset using Guid(e04b6a9d16a455547ac8532d05dddee7) Importer(815301076,1909f56bfc062723c751e8b465ee728b)  -> (artifact id: '782367c8b538dbb76846b62413f7aac7') in 0.005078 seconds 
========================================================================
Received Import Request.
  Time since last request: 61.454080 seconds.
  path: Assets/Items/Wearables/Clothes/Tunic.asset
  artifactKey: Guid(e04b6a9d16a455547ac8532d05dddee7) Importer(815301076,1909f56bfc062723c751e8b465ee728b)
Start importing Assets/Items/Wearables/Clothes/Tunic.asset using Guid(e04b6a9d16a455547ac8532d05dddee7) Importer(815301076,1909f56bfc062723c751e8b465ee728b)  -> (artifact id: '74554f75287de49bd803b3bd88b4cb93') in 0.003916 seconds 
========================================================================
Received Import Request.
  Time since last request: 197.496200 seconds.
  path: Assets/Art/Equipped Sprites/Swords_Basic.png
  artifactKey: Guid(f20a51d4e8c99fb4b989b0d8c061c05f) Importer(815301076,1909f56bfc062723c751e8b465ee728b)
Start importing Assets/Art/Equipped Sprites/Swords_Basic.png using Guid(f20a51d4e8c99fb4b989b0d8c061c05f) Importer(815301076,1909f56bfc062723c751e8b465ee728b)  -> (artifact id: '4a866c3c1b1d633090c8ff1d820cbcdc') in 0.106674 seconds 
========================================================================
Received Import Request.
  Time since last request: 861.077729 seconds.
  path: Assets/Items/Wearables/Clothes/Tunic.asset
  artifactKey: Guid(e04b6a9d16a455547ac8532d05dddee7) Importer(815301076,1909f56bfc062723c751e8b465ee728b)
Start importing Assets/Items/Wearables/Clothes/Tunic.asset using Guid(e04b6a9d16a455547ac8532d05dddee7) Importer(815301076,1909f56bfc062723c751e8b465ee728b)  -> (artifact id: '795345f98cc670e0cc4fc617738ec410') in 0.005711 seconds 
