Using pre-set license
Built from '2021.1/release' branch; Version is '2021.1.10f1 (b15f561b2cef) revision 11624278'; Using compiler version '192528614'; Build Type 'Release'
OS: 'Windows 10 Home; OS build 19043.1165; Version 2009; 64bit' Language: 'en' Physical Memory: 32634 MB
BatchMode: 1, IsHumanControllingUs: 0, StartBugReporterOnCrash: 0, Is64bit: 1, IsPro: 0

 COMMAND LINE ARGUMENTS:
C:\Program Files\Unity\Hub\Editor\2021.1.10f1\Editor\Unity.exe
-adb2
-batchMode
-noUpm
-name
AssetImportWorker0
-projectPath
C:/Users/cuell/OneDrive/Desktop/Game Projects/Project Roguelike
-logFile
Logs/AssetImportWorker0.log
-srvPort
50482
Successfully changed project path to: C:/Users/cuell/OneDrive/Desktop/Game Projects/Project Roguelike
C:/Users/cuell/OneDrive/Desktop/Game Projects/Project Roguelike
Using Asset Import Pipeline V2.
Refreshing native plugins compatible for Editor in 172.12 ms, found 6 plugins.
Preloading 0 native plugins for Editor in 0.00 ms.
Initialize engine version: 2021.1.10f1 (b15f561b2cef)
[Subsystems] Discovering subsystems at path C:/Program Files/Unity/Hub/Editor/2021.1.10f1/Editor/Data/Resources/UnitySubsystems
[Subsystems] Discovering subsystems at path C:/Users/cuell/OneDrive/Desktop/Game Projects/Project Roguelike/Assets
GfxDevice: creating device client; threaded=0; jobified=0
Direct3D:
    Version:  Direct3D 11.0 [level 11.1]
    Renderer: NVIDIA GeForce GTX 1050 (ID=0x1c8d)
    Vendor:   NVIDIA
    VRAM:     4019 MB
    Driver:   30.0.14.7168
Initialize mono
Mono path[0] = 'C:/Program Files/Unity/Hub/Editor/2021.1.10f1/Editor/Data/Managed'
Mono path[1] = 'C:/Program Files/Unity/Hub/Editor/2021.1.10f1/Editor/Data/MonoBleedingEdge/lib/mono/unityjit'
Mono config path = 'C:/Program Files/Unity/Hub/Editor/2021.1.10f1/Editor/Data/MonoBleedingEdge/etc'
Using monoOptions --debugger-agent=transport=dt_socket,embedding=1,server=y,suspend=n,address=127.0.0.1:56152
Begin MonoManager ReloadAssembly
Registering precompiled unity dll's ...
Register platform support module: C:/Program Files/Unity/Hub/Editor/2021.1.10f1/Editor/Data/PlaybackEngines/WebGLSupport/UnityEditor.WebGL.Extensions.dll
Register platform support module: C:/Program Files/Unity/Hub/Editor/2021.1.10f1/Editor/Data/PlaybackEngines/WindowsStandaloneSupport/UnityEditor.WindowsStandalone.Extensions.dll
Registered in 0.004918 seconds.
Native extension for WindowsStandalone target not found
Native extension for WebGL target not found
Refreshing native plugins compatible for Editor in 200.26 ms, found 6 plugins.
Preloading 0 native plugins for Editor in 0.00 ms.
Mono: successfully reloaded assembly
- Completed reload, in  2.231 seconds
Domain Reload Profiling:
	ReloadAssembly (2231ms)
		BeginReloadAssembly (87ms)
			ExecutionOrderSort (0ms)
			DisableScriptedObjects (0ms)
			BackupInstance (0ms)
			ReleaseScriptingObjects (0ms)
			CreateAndSetChildDomain (1ms)
		EndReloadAssembly (741ms)
			LoadAssemblies (84ms)
			RebuildTransferFunctionScriptingTraits (0ms)
			SetupTypeCache (234ms)
			ReleaseScriptCaches (0ms)
			RebuildScriptCaches (42ms)
			SetupLoadedEditorAssemblies (391ms)
				LogAssemblyErrors (0ms)
				InitializePlatformSupportModulesInManaged (10ms)
				SetLoadedEditorAssemblies (0ms)
				RefreshPlugins (200ms)
				BeforeProcessingInitializeOnLoad (2ms)
				ProcessInitializeOnLoadAttributes (139ms)
				ProcessInitializeOnLoadMethodAttributes (40ms)
				AfterProcessingInitializeOnLoad (0ms)
				EditorAssembliesLoaded (0ms)
			ExecutionOrderSort2 (0ms)
			AwakeInstancesAfterBackupRestoration (0ms)
Platform modules already initialized, skipping
Registering precompiled user dll's ...
Registered in 0.017423 seconds.
Begin MonoManager ReloadAssembly
Symbol file LoadedFromMemory doesn't match image C:\Users\cuell\OneDrive\Desktop\Game Projects\Project Roguelike\Library\PackageCache\com.unity.visualscripting@1.6.1\Editor\VisualScripting.Core\Dependencies\YamlDotNet\Unity.VisualScripting.YamlDotNet.dll
Symbol file LoadedFromMemory doesn't match image C:\Users\cuell\OneDrive\Desktop\Game Projects\Project Roguelike\Library\PackageCache\com.unity.visualscripting@1.6.1\Editor\VisualScripting.Core\Dependencies\DotNetZip\Unity.VisualScripting.IonicZip.dll
Native extension for WindowsStandalone target not found
Native extension for WebGL target not found
Refreshing native plugins compatible for Editor in 434.66 ms, found 6 plugins.
Preloading 0 native plugins for Editor in 0.00 ms.
Mono: successfully reloaded assembly
- Completed reload, in 12.430 seconds
Domain Reload Profiling:
	ReloadAssembly (12431ms)
		BeginReloadAssembly (297ms)
			ExecutionOrderSort (0ms)
			DisableScriptedObjects (7ms)
			BackupInstance (0ms)
			ReleaseScriptingObjects (0ms)
			CreateAndSetChildDomain (31ms)
		EndReloadAssembly (11970ms)
			LoadAssemblies (250ms)
			RebuildTransferFunctionScriptingTraits (0ms)
			SetupTypeCache (1253ms)
			ReleaseScriptCaches (1ms)
			RebuildScriptCaches (217ms)
			SetupLoadedEditorAssemblies (6802ms)
				LogAssemblyErrors (0ms)
				InitializePlatformSupportModulesInManaged (34ms)
				SetLoadedEditorAssemblies (0ms)
				RefreshPlugins (435ms)
				BeforeProcessingInitializeOnLoad (1067ms)
				ProcessInitializeOnLoadAttributes (5209ms)
				ProcessInitializeOnLoadMethodAttributes (37ms)
				AfterProcessingInitializeOnLoad (20ms)
				EditorAssembliesLoaded (0ms)
			ExecutionOrderSort2 (0ms)
			AwakeInstancesAfterBackupRestoration (13ms)
Platform modules already initialized, skipping
========================================================================
Worker process is ready to serve import requests
Launched and connected shader compiler UnityShaderCompiler.exe after 0.16 seconds
Refreshing native plugins compatible for Editor in 1.99 ms, found 6 plugins.
Preloading 0 native plugins for Editor in 0.00 ms.
Unloading 4668 Unused Serialized files (Serialized files now loaded: 0)
System memory in use before: 166.1 MB.
System memory in use after: 166.2 MB.

Unloading 54 unused Assets to reduce memory usage. Loaded Objects now: 5100.
Total: 5.833100 ms (FindLiveObjects: 0.432600 ms CreateObjectMapping: 0.334800 ms MarkObjects: 4.880700 ms  DeleteObjects: 0.183200 ms)

AssetImportParameters requested are different than current active one (requested -> active):
  custom:framework-win-MediaFoundation: 216162199b28c13a410421893ffa2e32 -> 
  custom:video-decoder-ogg-theora: a1e56fd34408186e4bbccfd4996cb3dc -> 
  custom:container-muxer-webm: aa71ff27fc2769a1b78a27578f13a17b -> 
  custom:container-demuxer-webm: 4f35f7cbe854078d1ac9338744f61a02 -> 
  custom:container-demuxer-ogg: 62fdf1f143b41e24485cea50d1cbac27 -> 
  custom:video-encoder-webm-vp8: eb34c28f22e8b96e1ab97ce403110664 -> 
  custom:video-decoder-webm-vp8: 9c59270c3fd7afecdb556c50c9e8de78 -> 
  custom:audio-decoder-ogg-vorbis: bf7c407c2cedff20999df2af8eb42d56 -> 
  custom:audio-encoder-webm-vorbis: bf7c407c2cedff20999df2af8eb42d56 -> 
========================================================================
Received Import Request.
  path: Assets/Scripts/UI/Health Display/HealthDisplay_BodyPart.cs
  artifactKey: Guid(203156d685399894ba01fb70a5728aa1) Importer(815301076,1909f56bfc062723c751e8b465ee728b)
Start importing Assets/Scripts/UI/Health Display/HealthDisplay_BodyPart.cs using Guid(203156d685399894ba01fb70a5728aa1) Importer(815301076,1909f56bfc062723c751e8b465ee728b)  -> (artifact id: '004310f7da41bab570b0b2a2b797dfb7') in 0.056541 seconds 
========================================================================
Received Import Request.
  Time since last request: 0.000815 seconds.
  path: Assets/Scripts/UI/Health Display/InjuryTextButton.cs
  artifactKey: Guid(b983dcd666930bf40941f3fb9a9954ec) Importer(815301076,1909f56bfc062723c751e8b465ee728b)
Start importing Assets/Scripts/UI/Health Display/InjuryTextButton.cs using Guid(b983dcd666930bf40941f3fb9a9954ec) Importer(815301076,1909f56bfc062723c751e8b465ee728b)  -> (artifact id: '7f4c0aafa9c6b223e9db0a1c2fdb230e') in 0.064048 seconds 
========================================================================
Received Import Request.
  Time since last request: 0.158062 seconds.
  path: Assets/Scripts/UI/Health Display/HealthDisplay.cs
  artifactKey: Guid(7baa6d39d48861f499217c20a9046e27) Importer(815301076,1909f56bfc062723c751e8b465ee728b)
Start importing Assets/Scripts/UI/Health Display/HealthDisplay.cs using Guid(7baa6d39d48861f499217c20a9046e27) Importer(815301076,1909f56bfc062723c751e8b465ee728b)  -> (artifact id: '6be7ec4eb115c5359ee524c0ed8f4fbb') in 0.006211 seconds 
========================================================================
Received Prepare
Registering precompiled user dll's ...
Registered in 0.015925 seconds.
Begin MonoManager ReloadAssembly
Symbol file LoadedFromMemory doesn't match image C:\Users\cuell\OneDrive\Desktop\Game Projects\Project Roguelike\Library\PackageCache\com.unity.visualscripting@1.6.1\Editor\VisualScripting.Core\Dependencies\YamlDotNet\Unity.VisualScripting.YamlDotNet.dll
Symbol file LoadedFromMemory doesn't match image C:\Users\cuell\OneDrive\Desktop\Game Projects\Project Roguelike\Library\PackageCache\com.unity.visualscripting@1.6.1\Editor\VisualScripting.Core\Dependencies\DotNetZip\Unity.VisualScripting.IonicZip.dll
Native extension for WindowsStandalone target not found
Native extension for WebGL target not found
Refreshing native plugins compatible for Editor in 1.13 ms, found 6 plugins.
Preloading 0 native plugins for Editor in 0.00 ms.
System.ArgumentException: Empty path name is not legal.
  at System.IO.StreamReader..ctor (System.String path, System.Text.Encoding encoding, System.Boolean detectEncodingFromByteOrderMarks, System.Int32 bufferSize, System.Boolean checkHost) [0x00033] in <695d1cc93cca45069c528c15c9fdd749>:0 
  at System.IO.StreamReader..ctor (System.String path, System.Text.Encoding encoding, System.Boolean detectEncodingFromByteOrderMarks, System.Int32 bufferSize) [0x00000] in <695d1cc93cca45069c528c15c9fdd749>:0 
  at System.IO.StreamReader..ctor (System.String path, System.Boolean detectEncodingFromByteOrderMarks) [0x0000d] in <695d1cc93cca45069c528c15c9fdd749>:0 
  at System.IO.StreamReader..ctor (System.String path) [0x00000] in <695d1cc93cca45069c528c15c9fdd749>:0 
  at (wrapper remoting-invoke-with-check) System.IO.StreamReader..ctor(string)
  at InControl.NativeProfileListGenerator.GetFileContents (System.String fileName) [0x00000] in C:\Users\cuell\OneDrive\Desktop\Game Projects\Project Roguelike\Assets\InControl\Editor\NativeProfileListGenerator.cs:75 
  at InControl.NativeProfileListGenerator.PutFileContents (System.String filePath, System.String content) [0x00000] in C:\Users\cuell\OneDrive\Desktop\Game Projects\Project Roguelike\Assets\InControl\Editor\NativeProfileListGenerator.cs:85 
  at InControl.NativeProfileListGenerator.DiscoverProfiles () [0x000fa] in C:\Users\cuell\OneDrive\Desktop\Game Projects\Project Roguelike\Assets\InControl\Editor\NativeProfileListGenerator.cs:66 
  at InControl.NativeProfileListGenerator..cctor () [0x00007] in C:\Users\cuell\OneDrive\Desktop\Game Projects\Project Roguelike\Assets\InControl\Editor\NativeProfileListGenerator.cs:19 
UnityEngine.StackTraceUtility:ExtractStackTrace ()
UnityEngine.DebugLogHandler:LogFormat (UnityEngine.LogType,UnityEngine.Object,string,object[])
UnityEngine.Logger:Log (UnityEngine.LogType,object)
UnityEngine.Debug:LogError (object)
UnityEditor.EditorAssemblies:ProcessInitializeOnLoadAttributes (System.Type[])

System.ArgumentException: Empty path name is not legal.
  at System.IO.StreamReader..ctor (System.String path, System.Text.Encoding encoding, System.Boolean detectEncodingFromByteOrderMarks, System.Int32 bufferSize, System.Boolean checkHost) [0x00033] in <695d1cc93cca45069c528c15c9fdd749>:0 
  at System.IO.StreamReader..ctor (System.String path, System.Text.Encoding encoding, System.Boolean detectEncodingFromByteOrderMarks, System.Int32 bufferSize) [0x00000] in <695d1cc93cca45069c528c15c9fdd749>:0 
  at System.IO.StreamReader..ctor (System.String path, System.Boolean detectEncodingFromByteOrderMarks) [0x0000d] in <695d1cc93cca45069c528c15c9fdd749>:0 
  at System.IO.StreamReader..ctor (System.String path) [0x00000] in <695d1cc93cca45069c528c15c9fdd749>:0 
  at (wrapper remoting-invoke-with-check) System.IO.StreamReader..ctor(string)
  at InControl.UnityProfileListGenerator.GetFileContents (System.String fileName) [0x00000] in C:\Users\cuell\OneDrive\Desktop\Game Projects\Project Roguelike\Assets\InControl\Editor\UnityProfileListGenerator.cs:75 
  at InControl.UnityProfileListGenerator.PutFileContents (System.String filePath, System.String content) [0x00000] in C:\Users\cuell\OneDrive\Desktop\Game Projects\Project Roguelike\Assets\InControl\Editor\UnityProfileListGenerator.cs:84 
  at InControl.UnityProfileListGenerator.DiscoverProfiles () [0x000fa] in C:\Users\cuell\OneDrive\Desktop\Game Projects\Project Roguelike\Assets\InControl\Editor\UnityProfileListGenerator.cs:66 
  at InControl.UnityProfileListGenerator..cctor () [0x00007] in C:\Users\cuell\OneDrive\Desktop\Game Projects\Project Roguelike\Assets\InControl\Editor\UnityProfileListGenerator.cs:19 
UnityEngine.StackTraceUtility:ExtractStackTrace ()
UnityEngine.DebugLogHandler:LogFormat (UnityEngine.LogType,UnityEngine.Object,string,object[])
UnityEngine.Logger:Log (UnityEngine.LogType,object)
UnityEngine.Debug:LogError (object)
UnityEditor.EditorAssemblies:ProcessInitializeOnLoadAttributes (System.Type[])

Mono: successfully reloaded assembly
- Completed reload, in  2.343 seconds
Domain Reload Profiling:
	ReloadAssembly (2343ms)
		BeginReloadAssembly (193ms)
			ExecutionOrderSort (0ms)
			DisableScriptedObjects (9ms)
			BackupInstance (0ms)
			ReleaseScriptingObjects (0ms)
			CreateAndSetChildDomain (56ms)
		EndReloadAssembly (2051ms)
			LoadAssemblies (170ms)
			RebuildTransferFunctionScriptingTraits (0ms)
			SetupTypeCache (604ms)
			ReleaseScriptCaches (1ms)
			RebuildScriptCaches (69ms)
			SetupLoadedEditorAssemblies (1042ms)
				LogAssemblyErrors (0ms)
				InitializePlatformSupportModulesInManaged (8ms)
				SetLoadedEditorAssemblies (1ms)
				RefreshPlugins (1ms)
				BeforeProcessingInitializeOnLoad (158ms)
				ProcessInitializeOnLoadAttributes (849ms)
				ProcessInitializeOnLoadMethodAttributes (12ms)
				AfterProcessingInitializeOnLoad (14ms)
				EditorAssembliesLoaded (0ms)
			ExecutionOrderSort2 (0ms)
			AwakeInstancesAfterBackupRestoration (14ms)
Platform modules already initialized, skipping
Refreshing native plugins compatible for Editor in 1.02 ms, found 6 plugins.
Preloading 0 native plugins for Editor in 0.00 ms.
Unloading 4649 Unused Serialized files (Serialized files now loaded: 0)
System memory in use before: 165.0 MB.
System memory in use after: 165.1 MB.

Unloading 40 unused Assets to reduce memory usage. Loaded Objects now: 5104.
Total: 6.537900 ms (FindLiveObjects: 0.328200 ms CreateObjectMapping: 0.257000 ms MarkObjects: 5.779500 ms  DeleteObjects: 0.171800 ms)

AssetImportParameters requested are different than current active one (requested -> active):
  custom:framework-win-MediaFoundation: 216162199b28c13a410421893ffa2e32 -> 
  custom:video-decoder-ogg-theora: a1e56fd34408186e4bbccfd4996cb3dc -> 
  custom:container-muxer-webm: aa71ff27fc2769a1b78a27578f13a17b -> 
  custom:container-demuxer-webm: 4f35f7cbe854078d1ac9338744f61a02 -> 
  custom:container-demuxer-ogg: 62fdf1f143b41e24485cea50d1cbac27 -> 
  custom:video-encoder-webm-vp8: eb34c28f22e8b96e1ab97ce403110664 -> 
  custom:video-decoder-webm-vp8: 9c59270c3fd7afecdb556c50c9e8de78 -> 
  custom:audio-decoder-ogg-vorbis: bf7c407c2cedff20999df2af8eb42d56 -> 
  custom:audio-encoder-webm-vorbis: bf7c407c2cedff20999df2af8eb42d56 -> 
========================================================================
Received Prepare
Registering precompiled user dll's ...
Registered in 0.024012 seconds.
Begin MonoManager ReloadAssembly
Symbol file LoadedFromMemory doesn't match image C:\Users\cuell\OneDrive\Desktop\Game Projects\Project Roguelike\Library\PackageCache\com.unity.visualscripting@1.6.1\Editor\VisualScripting.Core\Dependencies\YamlDotNet\Unity.VisualScripting.YamlDotNet.dll
Symbol file LoadedFromMemory doesn't match image C:\Users\cuell\OneDrive\Desktop\Game Projects\Project Roguelike\Library\PackageCache\com.unity.visualscripting@1.6.1\Editor\VisualScripting.Core\Dependencies\DotNetZip\Unity.VisualScripting.IonicZip.dll
Native extension for WindowsStandalone target not found
Native extension for WebGL target not found
Refreshing native plugins compatible for Editor in 1.36 ms, found 6 plugins.
Preloading 0 native plugins for Editor in 0.00 ms.
System.ArgumentException: Empty path name is not legal.
  at System.IO.StreamReader..ctor (System.String path, System.Text.Encoding encoding, System.Boolean detectEncodingFromByteOrderMarks, System.Int32 bufferSize, System.Boolean checkHost) [0x00033] in <695d1cc93cca45069c528c15c9fdd749>:0 
  at System.IO.StreamReader..ctor (System.String path, System.Text.Encoding encoding, System.Boolean detectEncodingFromByteOrderMarks, System.Int32 bufferSize) [0x00000] in <695d1cc93cca45069c528c15c9fdd749>:0 
  at System.IO.StreamReader..ctor (System.String path, System.Boolean detectEncodingFromByteOrderMarks) [0x0000d] in <695d1cc93cca45069c528c15c9fdd749>:0 
  at System.IO.StreamReader..ctor (System.String path) [0x00000] in <695d1cc93cca45069c528c15c9fdd749>:0 
  at (wrapper remoting-invoke-with-check) System.IO.StreamReader..ctor(string)
  at InControl.NativeProfileListGenerator.GetFileContents (System.String fileName) [0x00000] in C:\Users\cuell\OneDrive\Desktop\Game Projects\Project Roguelike\Assets\InControl\Editor\NativeProfileListGenerator.cs:75 
  at InControl.NativeProfileListGenerator.PutFileContents (System.String filePath, System.String content) [0x00000] in C:\Users\cuell\OneDrive\Desktop\Game Projects\Project Roguelike\Assets\InControl\Editor\NativeProfileListGenerator.cs:85 
  at InControl.NativeProfileListGenerator.DiscoverProfiles () [0x000fa] in C:\Users\cuell\OneDrive\Desktop\Game Projects\Project Roguelike\Assets\InControl\Editor\NativeProfileListGenerator.cs:66 
  at InControl.NativeProfileListGenerator..cctor () [0x00007] in C:\Users\cuell\OneDrive\Desktop\Game Projects\Project Roguelike\Assets\InControl\Editor\NativeProfileListGenerator.cs:19 
UnityEngine.StackTraceUtility:ExtractStackTrace ()
UnityEngine.DebugLogHandler:LogFormat (UnityEngine.LogType,UnityEngine.Object,string,object[])
UnityEngine.Logger:Log (UnityEngine.LogType,object)
UnityEngine.Debug:LogError (object)
UnityEditor.EditorAssemblies:ProcessInitializeOnLoadAttributes (System.Type[])

System.ArgumentException: Empty path name is not legal.
  at System.IO.StreamReader..ctor (System.String path, System.Text.Encoding encoding, System.Boolean detectEncodingFromByteOrderMarks, System.Int32 bufferSize, System.Boolean checkHost) [0x00033] in <695d1cc93cca45069c528c15c9fdd749>:0 
  at System.IO.StreamReader..ctor (System.String path, System.Text.Encoding encoding, System.Boolean detectEncodingFromByteOrderMarks, System.Int32 bufferSize) [0x00000] in <695d1cc93cca45069c528c15c9fdd749>:0 
  at System.IO.StreamReader..ctor (System.String path, System.Boolean detectEncodingFromByteOrderMarks) [0x0000d] in <695d1cc93cca45069c528c15c9fdd749>:0 
  at System.IO.StreamReader..ctor (System.String path) [0x00000] in <695d1cc93cca45069c528c15c9fdd749>:0 
  at (wrapper remoting-invoke-with-check) System.IO.StreamReader..ctor(string)
  at InControl.UnityProfileListGenerator.GetFileContents (System.String fileName) [0x00000] in C:\Users\cuell\OneDrive\Desktop\Game Projects\Project Roguelike\Assets\InControl\Editor\UnityProfileListGenerator.cs:75 
  at InControl.UnityProfileListGenerator.PutFileContents (System.String filePath, System.String content) [0x00000] in C:\Users\cuell\OneDrive\Desktop\Game Projects\Project Roguelike\Assets\InControl\Editor\UnityProfileListGenerator.cs:84 
  at InControl.UnityProfileListGenerator.DiscoverProfiles () [0x000fa] in C:\Users\cuell\OneDrive\Desktop\Game Projects\Project Roguelike\Assets\InControl\Editor\UnityProfileListGenerator.cs:66 
  at InControl.UnityProfileListGenerator..cctor () [0x00007] in C:\Users\cuell\OneDrive\Desktop\Game Projects\Project Roguelike\Assets\InControl\Editor\UnityProfileListGenerator.cs:19 
UnityEngine.StackTraceUtility:ExtractStackTrace ()
UnityEngine.DebugLogHandler:LogFormat (UnityEngine.LogType,UnityEngine.Object,string,object[])
UnityEngine.Logger:Log (UnityEngine.LogType,object)
UnityEngine.Debug:LogError (object)
UnityEditor.EditorAssemblies:ProcessInitializeOnLoadAttributes (System.Type[])

Mono: successfully reloaded assembly
- Completed reload, in  5.833 seconds
Domain Reload Profiling:
	ReloadAssembly (5834ms)
		BeginReloadAssembly (535ms)
			ExecutionOrderSort (0ms)
			DisableScriptedObjects (16ms)
			BackupInstance (0ms)
			ReleaseScriptingObjects (0ms)
			CreateAndSetChildDomain (88ms)
		EndReloadAssembly (5030ms)
			LoadAssemblies (664ms)
			RebuildTransferFunctionScriptingTraits (0ms)
			SetupTypeCache (1716ms)
			ReleaseScriptCaches (6ms)
			RebuildScriptCaches (232ms)
			SetupLoadedEditorAssemblies (2117ms)
				LogAssemblyErrors (0ms)
				InitializePlatformSupportModulesInManaged (18ms)
				SetLoadedEditorAssemblies (1ms)
				RefreshPlugins (2ms)
				BeforeProcessingInitializeOnLoad (400ms)
				ProcessInitializeOnLoadAttributes (1612ms)
				ProcessInitializeOnLoadMethodAttributes (31ms)
				AfterProcessingInitializeOnLoad (54ms)
				EditorAssembliesLoaded (0ms)
			ExecutionOrderSort2 (0ms)
			AwakeInstancesAfterBackupRestoration (46ms)
Platform modules already initialized, skipping
Refreshing native plugins compatible for Editor in 1.65 ms, found 6 plugins.
Preloading 0 native plugins for Editor in 0.00 ms.
Unloading 4649 Unused Serialized files (Serialized files now loaded: 0)
System memory in use before: 165.1 MB.
System memory in use after: 165.2 MB.

Unloading 40 unused Assets to reduce memory usage. Loaded Objects now: 5108.
Total: 7.237800 ms (FindLiveObjects: 0.363000 ms CreateObjectMapping: 0.796400 ms MarkObjects: 5.957400 ms  DeleteObjects: 0.119600 ms)

AssetImportParameters requested are different than current active one (requested -> active):
  custom:framework-win-MediaFoundation: 216162199b28c13a410421893ffa2e32 -> 
  custom:video-decoder-ogg-theora: a1e56fd34408186e4bbccfd4996cb3dc -> 
  custom:container-muxer-webm: aa71ff27fc2769a1b78a27578f13a17b -> 
  custom:container-demuxer-webm: 4f35f7cbe854078d1ac9338744f61a02 -> 
  custom:container-demuxer-ogg: 62fdf1f143b41e24485cea50d1cbac27 -> 
  custom:video-encoder-webm-vp8: eb34c28f22e8b96e1ab97ce403110664 -> 
  custom:video-decoder-webm-vp8: 9c59270c3fd7afecdb556c50c9e8de78 -> 
  custom:audio-decoder-ogg-vorbis: bf7c407c2cedff20999df2af8eb42d56 -> 
  custom:audio-encoder-webm-vorbis: bf7c407c2cedff20999df2af8eb42d56 -> 
========================================================================
Received Prepare
Registering precompiled user dll's ...
Registered in 0.031632 seconds.
Begin MonoManager ReloadAssembly
Symbol file LoadedFromMemory doesn't match image C:\Users\cuell\OneDrive\Desktop\Game Projects\Project Roguelike\Library\PackageCache\com.unity.visualscripting@1.6.1\Editor\VisualScripting.Core\Dependencies\YamlDotNet\Unity.VisualScripting.YamlDotNet.dll
Symbol file LoadedFromMemory doesn't match image C:\Users\cuell\OneDrive\Desktop\Game Projects\Project Roguelike\Library\PackageCache\com.unity.visualscripting@1.6.1\Editor\VisualScripting.Core\Dependencies\DotNetZip\Unity.VisualScripting.IonicZip.dll
Native extension for WindowsStandalone target not found
Native extension for WebGL target not found
Refreshing native plugins compatible for Editor in 2.64 ms, found 6 plugins.
Preloading 0 native plugins for Editor in 0.00 ms.
System.ArgumentException: Empty path name is not legal.
  at System.IO.StreamReader..ctor (System.String path, System.Text.Encoding encoding, System.Boolean detectEncodingFromByteOrderMarks, System.Int32 bufferSize, System.Boolean checkHost) [0x00033] in <695d1cc93cca45069c528c15c9fdd749>:0 
  at System.IO.StreamReader..ctor (System.String path, System.Text.Encoding encoding, System.Boolean detectEncodingFromByteOrderMarks, System.Int32 bufferSize) [0x00000] in <695d1cc93cca45069c528c15c9fdd749>:0 
  at System.IO.StreamReader..ctor (System.String path, System.Boolean detectEncodingFromByteOrderMarks) [0x0000d] in <695d1cc93cca45069c528c15c9fdd749>:0 
  at System.IO.StreamReader..ctor (System.String path) [0x00000] in <695d1cc93cca45069c528c15c9fdd749>:0 
  at (wrapper remoting-invoke-with-check) System.IO.StreamReader..ctor(string)
  at InControl.NativeProfileListGenerator.GetFileContents (System.String fileName) [0x00000] in C:\Users\cuell\OneDrive\Desktop\Game Projects\Project Roguelike\Assets\InControl\Editor\NativeProfileListGenerator.cs:75 
  at InControl.NativeProfileListGenerator.PutFileContents (System.String filePath, System.String content) [0x00000] in C:\Users\cuell\OneDrive\Desktop\Game Projects\Project Roguelike\Assets\InControl\Editor\NativeProfileListGenerator.cs:85 
  at InControl.NativeProfileListGenerator.DiscoverProfiles () [0x000fa] in C:\Users\cuell\OneDrive\Desktop\Game Projects\Project Roguelike\Assets\InControl\Editor\NativeProfileListGenerator.cs:66 
  at InControl.NativeProfileListGenerator..cctor () [0x00007] in C:\Users\cuell\OneDrive\Desktop\Game Projects\Project Roguelike\Assets\InControl\Editor\NativeProfileListGenerator.cs:19 
UnityEngine.StackTraceUtility:ExtractStackTrace ()
UnityEngine.DebugLogHandler:LogFormat (UnityEngine.LogType,UnityEngine.Object,string,object[])
UnityEngine.Logger:Log (UnityEngine.LogType,object)
UnityEngine.Debug:LogError (object)
UnityEditor.EditorAssemblies:ProcessInitializeOnLoadAttributes (System.Type[])

System.ArgumentException: Empty path name is not legal.
  at System.IO.StreamReader..ctor (System.String path, System.Text.Encoding encoding, System.Boolean detectEncodingFromByteOrderMarks, System.Int32 bufferSize, System.Boolean checkHost) [0x00033] in <695d1cc93cca45069c528c15c9fdd749>:0 
  at System.IO.StreamReader..ctor (System.String path, System.Text.Encoding encoding, System.Boolean detectEncodingFromByteOrderMarks, System.Int32 bufferSize) [0x00000] in <695d1cc93cca45069c528c15c9fdd749>:0 
  at System.IO.StreamReader..ctor (System.String path, System.Boolean detectEncodingFromByteOrderMarks) [0x0000d] in <695d1cc93cca45069c528c15c9fdd749>:0 
  at System.IO.StreamReader..ctor (System.String path) [0x00000] in <695d1cc93cca45069c528c15c9fdd749>:0 
  at (wrapper remoting-invoke-with-check) System.IO.StreamReader..ctor(string)
  at InControl.UnityProfileListGenerator.GetFileContents (System.String fileName) [0x00000] in C:\Users\cuell\OneDrive\Desktop\Game Projects\Project Roguelike\Assets\InControl\Editor\UnityProfileListGenerator.cs:75 
  at InControl.UnityProfileListGenerator.PutFileContents (System.String filePath, System.String content) [0x00000] in C:\Users\cuell\OneDrive\Desktop\Game Projects\Project Roguelike\Assets\InControl\Editor\UnityProfileListGenerator.cs:84 
  at InControl.UnityProfileListGenerator.DiscoverProfiles () [0x000fa] in C:\Users\cuell\OneDrive\Desktop\Game Projects\Project Roguelike\Assets\InControl\Editor\UnityProfileListGenerator.cs:66 
  at InControl.UnityProfileListGenerator..cctor () [0x00007] in C:\Users\cuell\OneDrive\Desktop\Game Projects\Project Roguelike\Assets\InControl\Editor\UnityProfileListGenerator.cs:19 
UnityEngine.StackTraceUtility:ExtractStackTrace ()
UnityEngine.DebugLogHandler:LogFormat (UnityEngine.LogType,UnityEngine.Object,string,object[])
UnityEngine.Logger:Log (UnityEngine.LogType,object)
UnityEngine.Debug:LogError (object)
UnityEditor.EditorAssemblies:ProcessInitializeOnLoadAttributes (System.Type[])

Mono: successfully reloaded assembly
- Completed reload, in  3.653 seconds
Domain Reload Profiling:
	ReloadAssembly (3653ms)
		BeginReloadAssembly (360ms)
			ExecutionOrderSort (0ms)
			DisableScriptedObjects (33ms)
			BackupInstance (0ms)
			ReleaseScriptingObjects (0ms)
			CreateAndSetChildDomain (132ms)
		EndReloadAssembly (3174ms)
			LoadAssemblies (262ms)
			RebuildTransferFunctionScriptingTraits (0ms)
			SetupTypeCache (1379ms)
			ReleaseScriptCaches (8ms)
			RebuildScriptCaches (303ms)
			SetupLoadedEditorAssemblies (973ms)
				LogAssemblyErrors (0ms)
				InitializePlatformSupportModulesInManaged (11ms)
				SetLoadedEditorAssemblies (1ms)
				RefreshPlugins (3ms)
				BeforeProcessingInitializeOnLoad (144ms)
				ProcessInitializeOnLoadAttributes (784ms)
				ProcessInitializeOnLoadMethodAttributes (15ms)
				AfterProcessingInitializeOnLoad (15ms)
				EditorAssembliesLoaded (0ms)
			ExecutionOrderSort2 (0ms)
			AwakeInstancesAfterBackupRestoration (18ms)
Platform modules already initialized, skipping
Refreshing native plugins compatible for Editor in 1.29 ms, found 6 plugins.
Preloading 0 native plugins for Editor in 0.00 ms.
Unloading 4649 Unused Serialized files (Serialized files now loaded: 0)
System memory in use before: 165.1 MB.
System memory in use after: 165.3 MB.

Unloading 40 unused Assets to reduce memory usage. Loaded Objects now: 5112.
Total: 7.553300 ms (FindLiveObjects: 0.411000 ms CreateObjectMapping: 0.257600 ms MarkObjects: 6.752400 ms  DeleteObjects: 0.130500 ms)

AssetImportParameters requested are different than current active one (requested -> active):
  custom:framework-win-MediaFoundation: 216162199b28c13a410421893ffa2e32 -> 
  custom:video-decoder-ogg-theora: a1e56fd34408186e4bbccfd4996cb3dc -> 
  custom:container-muxer-webm: aa71ff27fc2769a1b78a27578f13a17b -> 
  custom:container-demuxer-webm: 4f35f7cbe854078d1ac9338744f61a02 -> 
  custom:container-demuxer-ogg: 62fdf1f143b41e24485cea50d1cbac27 -> 
  custom:video-encoder-webm-vp8: eb34c28f22e8b96e1ab97ce403110664 -> 
  custom:video-decoder-webm-vp8: 9c59270c3fd7afecdb556c50c9e8de78 -> 
  custom:audio-decoder-ogg-vorbis: bf7c407c2cedff20999df2af8eb42d56 -> 
  custom:audio-encoder-webm-vorbis: bf7c407c2cedff20999df2af8eb42d56 -> 
========================================================================
Received Prepare
Registering precompiled user dll's ...
Registered in 0.015860 seconds.
Begin MonoManager ReloadAssembly
Symbol file LoadedFromMemory doesn't match image C:\Users\cuell\OneDrive\Desktop\Game Projects\Project Roguelike\Library\PackageCache\com.unity.visualscripting@1.6.1\Editor\VisualScripting.Core\Dependencies\YamlDotNet\Unity.VisualScripting.YamlDotNet.dll
Symbol file LoadedFromMemory doesn't match image C:\Users\cuell\OneDrive\Desktop\Game Projects\Project Roguelike\Library\PackageCache\com.unity.visualscripting@1.6.1\Editor\VisualScripting.Core\Dependencies\DotNetZip\Unity.VisualScripting.IonicZip.dll
Native extension for WindowsStandalone target not found
Native extension for WebGL target not found
Refreshing native plugins compatible for Editor in 1.04 ms, found 6 plugins.
Preloading 0 native plugins for Editor in 0.00 ms.
System.ArgumentException: Empty path name is not legal.
  at System.IO.StreamReader..ctor (System.String path, System.Text.Encoding encoding, System.Boolean detectEncodingFromByteOrderMarks, System.Int32 bufferSize, System.Boolean checkHost) [0x00033] in <695d1cc93cca45069c528c15c9fdd749>:0 
  at System.IO.StreamReader..ctor (System.String path, System.Text.Encoding encoding, System.Boolean detectEncodingFromByteOrderMarks, System.Int32 bufferSize) [0x00000] in <695d1cc93cca45069c528c15c9fdd749>:0 
  at System.IO.StreamReader..ctor (System.String path, System.Boolean detectEncodingFromByteOrderMarks) [0x0000d] in <695d1cc93cca45069c528c15c9fdd749>:0 
  at System.IO.StreamReader..ctor (System.String path) [0x00000] in <695d1cc93cca45069c528c15c9fdd749>:0 
  at (wrapper remoting-invoke-with-check) System.IO.StreamReader..ctor(string)
  at InControl.NativeProfileListGenerator.GetFileContents (System.String fileName) [0x00000] in C:\Users\cuell\OneDrive\Desktop\Game Projects\Project Roguelike\Assets\InControl\Editor\NativeProfileListGenerator.cs:75 
  at InControl.NativeProfileListGenerator.PutFileContents (System.String filePath, System.String content) [0x00000] in C:\Users\cuell\OneDrive\Desktop\Game Projects\Project Roguelike\Assets\InControl\Editor\NativeProfileListGenerator.cs:85 
  at InControl.NativeProfileListGenerator.DiscoverProfiles () [0x000fa] in C:\Users\cuell\OneDrive\Desktop\Game Projects\Project Roguelike\Assets\InControl\Editor\NativeProfileListGenerator.cs:66 
  at InControl.NativeProfileListGenerator..cctor () [0x00007] in C:\Users\cuell\OneDrive\Desktop\Game Projects\Project Roguelike\Assets\InControl\Editor\NativeProfileListGenerator.cs:19 
UnityEngine.StackTraceUtility:ExtractStackTrace ()
UnityEngine.DebugLogHandler:LogFormat (UnityEngine.LogType,UnityEngine.Object,string,object[])
UnityEngine.Logger:Log (UnityEngine.LogType,object)
UnityEngine.Debug:LogError (object)
UnityEditor.EditorAssemblies:ProcessInitializeOnLoadAttributes (System.Type[])

System.ArgumentException: Empty path name is not legal.
  at System.IO.StreamReader..ctor (System.String path, System.Text.Encoding encoding, System.Boolean detectEncodingFromByteOrderMarks, System.Int32 bufferSize, System.Boolean checkHost) [0x00033] in <695d1cc93cca45069c528c15c9fdd749>:0 
  at System.IO.StreamReader..ctor (System.String path, System.Text.Encoding encoding, System.Boolean detectEncodingFromByteOrderMarks, System.Int32 bufferSize) [0x00000] in <695d1cc93cca45069c528c15c9fdd749>:0 
  at System.IO.StreamReader..ctor (System.String path, System.Boolean detectEncodingFromByteOrderMarks) [0x0000d] in <695d1cc93cca45069c528c15c9fdd749>:0 
  at System.IO.StreamReader..ctor (System.String path) [0x00000] in <695d1cc93cca45069c528c15c9fdd749>:0 
  at (wrapper remoting-invoke-with-check) System.IO.StreamReader..ctor(string)
  at InControl.UnityProfileListGenerator.GetFileContents (System.String fileName) [0x00000] in C:\Users\cuell\OneDrive\Desktop\Game Projects\Project Roguelike\Assets\InControl\Editor\UnityProfileListGenerator.cs:75 
  at InControl.UnityProfileListGenerator.PutFileContents (System.String filePath, System.String content) [0x00000] in C:\Users\cuell\OneDrive\Desktop\Game Projects\Project Roguelike\Assets\InControl\Editor\UnityProfileListGenerator.cs:84 
  at InControl.UnityProfileListGenerator.DiscoverProfiles () [0x000fa] in C:\Users\cuell\OneDrive\Desktop\Game Projects\Project Roguelike\Assets\InControl\Editor\UnityProfileListGenerator.cs:66 
  at InControl.UnityProfileListGenerator..cctor () [0x00007] in C:\Users\cuell\OneDrive\Desktop\Game Projects\Project Roguelike\Assets\InControl\Editor\UnityProfileListGenerator.cs:19 
UnityEngine.StackTraceUtility:ExtractStackTrace ()
UnityEngine.DebugLogHandler:LogFormat (UnityEngine.LogType,UnityEngine.Object,string,object[])
UnityEngine.Logger:Log (UnityEngine.LogType,object)
UnityEngine.Debug:LogError (object)
UnityEditor.EditorAssemblies:ProcessInitializeOnLoadAttributes (System.Type[])

Mono: successfully reloaded assembly
- Completed reload, in  2.191 seconds
Domain Reload Profiling:
	ReloadAssembly (2192ms)
		BeginReloadAssembly (182ms)
			ExecutionOrderSort (0ms)
			DisableScriptedObjects (9ms)
			BackupInstance (0ms)
			ReleaseScriptingObjects (0ms)
			CreateAndSetChildDomain (53ms)
		EndReloadAssembly (1907ms)
			LoadAssemblies (160ms)
			RebuildTransferFunctionScriptingTraits (0ms)
			SetupTypeCache (553ms)
			ReleaseScriptCaches (1ms)
			RebuildScriptCaches (70ms)
			SetupLoadedEditorAssemblies (971ms)
				LogAssemblyErrors (0ms)
				InitializePlatformSupportModulesInManaged (10ms)
				SetLoadedEditorAssemblies (1ms)
				RefreshPlugins (1ms)
				BeforeProcessingInitializeOnLoad (137ms)
				ProcessInitializeOnLoadAttributes (799ms)
				ProcessInitializeOnLoadMethodAttributes (11ms)
				AfterProcessingInitializeOnLoad (12ms)
				EditorAssembliesLoaded (0ms)
			ExecutionOrderSort2 (0ms)
			AwakeInstancesAfterBackupRestoration (15ms)
Platform modules already initialized, skipping
Refreshing native plugins compatible for Editor in 1.06 ms, found 6 plugins.
Preloading 0 native plugins for Editor in 0.00 ms.
Unloading 4649 Unused Serialized files (Serialized files now loaded: 0)
System memory in use before: 165.2 MB.
System memory in use after: 165.3 MB.

Unloading 40 unused Assets to reduce memory usage. Loaded Objects now: 5116.
Total: 6.022300 ms (FindLiveObjects: 0.354300 ms CreateObjectMapping: 0.283300 ms MarkObjects: 5.255200 ms  DeleteObjects: 0.128100 ms)

AssetImportParameters requested are different than current active one (requested -> active):
  custom:framework-win-MediaFoundation: 216162199b28c13a410421893ffa2e32 -> 
  custom:video-decoder-ogg-theora: a1e56fd34408186e4bbccfd4996cb3dc -> 
  custom:container-muxer-webm: aa71ff27fc2769a1b78a27578f13a17b -> 
  custom:container-demuxer-webm: 4f35f7cbe854078d1ac9338744f61a02 -> 
  custom:container-demuxer-ogg: 62fdf1f143b41e24485cea50d1cbac27 -> 
  custom:video-encoder-webm-vp8: eb34c28f22e8b96e1ab97ce403110664 -> 
  custom:video-decoder-webm-vp8: 9c59270c3fd7afecdb556c50c9e8de78 -> 
  custom:audio-decoder-ogg-vorbis: bf7c407c2cedff20999df2af8eb42d56 -> 
  custom:audio-encoder-webm-vorbis: bf7c407c2cedff20999df2af8eb42d56 -> 
========================================================================
Received Prepare
Registering precompiled user dll's ...
Registered in 0.029357 seconds.
Begin MonoManager ReloadAssembly
Symbol file LoadedFromMemory doesn't match image C:\Users\cuell\OneDrive\Desktop\Game Projects\Project Roguelike\Library\PackageCache\com.unity.visualscripting@1.6.1\Editor\VisualScripting.Core\Dependencies\YamlDotNet\Unity.VisualScripting.YamlDotNet.dll
Symbol file LoadedFromMemory doesn't match image C:\Users\cuell\OneDrive\Desktop\Game Projects\Project Roguelike\Library\PackageCache\com.unity.visualscripting@1.6.1\Editor\VisualScripting.Core\Dependencies\DotNetZip\Unity.VisualScripting.IonicZip.dll
Native extension for WindowsStandalone target not found
Native extension for WebGL target not found
Refreshing native plugins compatible for Editor in 8.00 ms, found 6 plugins.
Preloading 0 native plugins for Editor in 0.00 ms.
System.ArgumentException: Empty path name is not legal.
  at System.IO.StreamReader..ctor (System.String path, System.Text.Encoding encoding, System.Boolean detectEncodingFromByteOrderMarks, System.Int32 bufferSize, System.Boolean checkHost) [0x00033] in <695d1cc93cca45069c528c15c9fdd749>:0 
  at System.IO.StreamReader..ctor (System.String path, System.Text.Encoding encoding, System.Boolean detectEncodingFromByteOrderMarks, System.Int32 bufferSize) [0x00000] in <695d1cc93cca45069c528c15c9fdd749>:0 
  at System.IO.StreamReader..ctor (System.String path, System.Boolean detectEncodingFromByteOrderMarks) [0x0000d] in <695d1cc93cca45069c528c15c9fdd749>:0 
  at System.IO.StreamReader..ctor (System.String path) [0x00000] in <695d1cc93cca45069c528c15c9fdd749>:0 
  at (wrapper remoting-invoke-with-check) System.IO.StreamReader..ctor(string)
  at InControl.NativeProfileListGenerator.GetFileContents (System.String fileName) [0x00000] in C:\Users\cuell\OneDrive\Desktop\Game Projects\Project Roguelike\Assets\InControl\Editor\NativeProfileListGenerator.cs:75 
  at InControl.NativeProfileListGenerator.PutFileContents (System.String filePath, System.String content) [0x00000] in C:\Users\cuell\OneDrive\Desktop\Game Projects\Project Roguelike\Assets\InControl\Editor\NativeProfileListGenerator.cs:85 
  at InControl.NativeProfileListGenerator.DiscoverProfiles () [0x000fa] in C:\Users\cuell\OneDrive\Desktop\Game Projects\Project Roguelike\Assets\InControl\Editor\NativeProfileListGenerator.cs:66 
  at InControl.NativeProfileListGenerator..cctor () [0x00007] in C:\Users\cuell\OneDrive\Desktop\Game Projects\Project Roguelike\Assets\InControl\Editor\NativeProfileListGenerator.cs:19 
UnityEngine.StackTraceUtility:ExtractStackTrace ()
UnityEngine.DebugLogHandler:LogFormat (UnityEngine.LogType,UnityEngine.Object,string,object[])
UnityEngine.Logger:Log (UnityEngine.LogType,object)
UnityEngine.Debug:LogError (object)
UnityEditor.EditorAssemblies:ProcessInitializeOnLoadAttributes (System.Type[])

System.ArgumentException: Empty path name is not legal.
  at System.IO.StreamReader..ctor (System.String path, System.Text.Encoding encoding, System.Boolean detectEncodingFromByteOrderMarks, System.Int32 bufferSize, System.Boolean checkHost) [0x00033] in <695d1cc93cca45069c528c15c9fdd749>:0 
  at System.IO.StreamReader..ctor (System.String path, System.Text.Encoding encoding, System.Boolean detectEncodingFromByteOrderMarks, System.Int32 bufferSize) [0x00000] in <695d1cc93cca45069c528c15c9fdd749>:0 
  at System.IO.StreamReader..ctor (System.String path, System.Boolean detectEncodingFromByteOrderMarks) [0x0000d] in <695d1cc93cca45069c528c15c9fdd749>:0 
  at System.IO.StreamReader..ctor (System.String path) [0x00000] in <695d1cc93cca45069c528c15c9fdd749>:0 
  at (wrapper remoting-invoke-with-check) System.IO.StreamReader..ctor(string)
  at InControl.UnityProfileListGenerator.GetFileContents (System.String fileName) [0x00000] in C:\Users\cuell\OneDrive\Desktop\Game Projects\Project Roguelike\Assets\InControl\Editor\UnityProfileListGenerator.cs:75 
  at InControl.UnityProfileListGenerator.PutFileContents (System.String filePath, System.String content) [0x00000] in C:\Users\cuell\OneDrive\Desktop\Game Projects\Project Roguelike\Assets\InControl\Editor\UnityProfileListGenerator.cs:84 
  at InControl.UnityProfileListGenerator.DiscoverProfiles () [0x000fa] in C:\Users\cuell\OneDrive\Desktop\Game Projects\Project Roguelike\Assets\InControl\Editor\UnityProfileListGenerator.cs:66 
  at InControl.UnityProfileListGenerator..cctor () [0x00007] in C:\Users\cuell\OneDrive\Desktop\Game Projects\Project Roguelike\Assets\InControl\Editor\UnityProfileListGenerator.cs:19 
UnityEngine.StackTraceUtility:ExtractStackTrace ()
UnityEngine.DebugLogHandler:LogFormat (UnityEngine.LogType,UnityEngine.Object,string,object[])
UnityEngine.Logger:Log (UnityEngine.LogType,object)
UnityEngine.Debug:LogError (object)
UnityEditor.EditorAssemblies:ProcessInitializeOnLoadAttributes (System.Type[])

Mono: successfully reloaded assembly
- Completed reload, in  4.279 seconds
Domain Reload Profiling:
	ReloadAssembly (4281ms)
		BeginReloadAssembly (366ms)
			ExecutionOrderSort (0ms)
			DisableScriptedObjects (21ms)
			BackupInstance (0ms)
			ReleaseScriptingObjects (0ms)
			CreateAndSetChildDomain (101ms)
		EndReloadAssembly (3712ms)
			LoadAssemblies (447ms)
			RebuildTransferFunctionScriptingTraits (0ms)
			SetupTypeCache (1234ms)
			ReleaseScriptCaches (2ms)
			RebuildScriptCaches (142ms)
			SetupLoadedEditorAssemblies (1532ms)
				LogAssemblyErrors (0ms)
				InitializePlatformSupportModulesInManaged (17ms)
				SetLoadedEditorAssemblies (1ms)
				RefreshPlugins (8ms)
				BeforeProcessingInitializeOnLoad (207ms)
				ProcessInitializeOnLoadAttributes (1251ms)
				ProcessInitializeOnLoadMethodAttributes (17ms)
				AfterProcessingInitializeOnLoad (30ms)
				EditorAssembliesLoaded (0ms)
			ExecutionOrderSort2 (0ms)
			AwakeInstancesAfterBackupRestoration (30ms)
Platform modules already initialized, skipping
Refreshing native plugins compatible for Editor in 1.17 ms, found 6 plugins.
Preloading 0 native plugins for Editor in 0.00 ms.
Unloading 4649 Unused Serialized files (Serialized files now loaded: 0)
System memory in use before: 165.0 MB.
System memory in use after: 165.1 MB.

Unloading 40 unused Assets to reduce memory usage. Loaded Objects now: 5120.
Total: 7.399300 ms (FindLiveObjects: 0.358100 ms CreateObjectMapping: 0.456300 ms MarkObjects: 6.467800 ms  DeleteObjects: 0.115300 ms)

AssetImportParameters requested are different than current active one (requested -> active):
  custom:framework-win-MediaFoundation: 216162199b28c13a410421893ffa2e32 -> 
  custom:video-decoder-ogg-theora: a1e56fd34408186e4bbccfd4996cb3dc -> 
  custom:container-muxer-webm: aa71ff27fc2769a1b78a27578f13a17b -> 
  custom:container-demuxer-webm: 4f35f7cbe854078d1ac9338744f61a02 -> 
  custom:container-demuxer-ogg: 62fdf1f143b41e24485cea50d1cbac27 -> 
  custom:video-encoder-webm-vp8: eb34c28f22e8b96e1ab97ce403110664 -> 
  custom:video-decoder-webm-vp8: 9c59270c3fd7afecdb556c50c9e8de78 -> 
  custom:audio-decoder-ogg-vorbis: bf7c407c2cedff20999df2af8eb42d56 -> 
  custom:audio-encoder-webm-vorbis: bf7c407c2cedff20999df2af8eb42d56 -> 
========================================================================
Received Prepare
Registering precompiled user dll's ...
Registered in 0.024354 seconds.
Begin MonoManager ReloadAssembly
Symbol file LoadedFromMemory doesn't match image C:\Users\cuell\OneDrive\Desktop\Game Projects\Project Roguelike\Library\PackageCache\com.unity.visualscripting@1.6.1\Editor\VisualScripting.Core\Dependencies\YamlDotNet\Unity.VisualScripting.YamlDotNet.dll
Symbol file LoadedFromMemory doesn't match image C:\Users\cuell\OneDrive\Desktop\Game Projects\Project Roguelike\Library\PackageCache\com.unity.visualscripting@1.6.1\Editor\VisualScripting.Core\Dependencies\DotNetZip\Unity.VisualScripting.IonicZip.dll
Native extension for WindowsStandalone target not found
Native extension for WebGL target not found
Refreshing native plugins compatible for Editor in 1.30 ms, found 6 plugins.
Preloading 0 native plugins for Editor in 0.00 ms.
System.ArgumentException: Empty path name is not legal.
  at System.IO.StreamReader..ctor (System.String path, System.Text.Encoding encoding, System.Boolean detectEncodingFromByteOrderMarks, System.Int32 bufferSize, System.Boolean checkHost) [0x00033] in <695d1cc93cca45069c528c15c9fdd749>:0 
  at System.IO.StreamReader..ctor (System.String path, System.Text.Encoding encoding, System.Boolean detectEncodingFromByteOrderMarks, System.Int32 bufferSize) [0x00000] in <695d1cc93cca45069c528c15c9fdd749>:0 
  at System.IO.StreamReader..ctor (System.String path, System.Boolean detectEncodingFromByteOrderMarks) [0x0000d] in <695d1cc93cca45069c528c15c9fdd749>:0 
  at System.IO.StreamReader..ctor (System.String path) [0x00000] in <695d1cc93cca45069c528c15c9fdd749>:0 
  at (wrapper remoting-invoke-with-check) System.IO.StreamReader..ctor(string)
  at InControl.NativeProfileListGenerator.GetFileContents (System.String fileName) [0x00000] in C:\Users\cuell\OneDrive\Desktop\Game Projects\Project Roguelike\Assets\InControl\Editor\NativeProfileListGenerator.cs:75 
  at InControl.NativeProfileListGenerator.PutFileContents (System.String filePath, System.String content) [0x00000] in C:\Users\cuell\OneDrive\Desktop\Game Projects\Project Roguelike\Assets\InControl\Editor\NativeProfileListGenerator.cs:85 
  at InControl.NativeProfileListGenerator.DiscoverProfiles () [0x000fa] in C:\Users\cuell\OneDrive\Desktop\Game Projects\Project Roguelike\Assets\InControl\Editor\NativeProfileListGenerator.cs:66 
  at InControl.NativeProfileListGenerator..cctor () [0x00007] in C:\Users\cuell\OneDrive\Desktop\Game Projects\Project Roguelike\Assets\InControl\Editor\NativeProfileListGenerator.cs:19 
UnityEngine.StackTraceUtility:ExtractStackTrace ()
UnityEngine.DebugLogHandler:LogFormat (UnityEngine.LogType,UnityEngine.Object,string,object[])
UnityEngine.Logger:Log (UnityEngine.LogType,object)
UnityEngine.Debug:LogError (object)
UnityEditor.EditorAssemblies:ProcessInitializeOnLoadAttributes (System.Type[])

System.ArgumentException: Empty path name is not legal.
  at System.IO.StreamReader..ctor (System.String path, System.Text.Encoding encoding, System.Boolean detectEncodingFromByteOrderMarks, System.Int32 bufferSize, System.Boolean checkHost) [0x00033] in <695d1cc93cca45069c528c15c9fdd749>:0 
  at System.IO.StreamReader..ctor (System.String path, System.Text.Encoding encoding, System.Boolean detectEncodingFromByteOrderMarks, System.Int32 bufferSize) [0x00000] in <695d1cc93cca45069c528c15c9fdd749>:0 
  at System.IO.StreamReader..ctor (System.String path, System.Boolean detectEncodingFromByteOrderMarks) [0x0000d] in <695d1cc93cca45069c528c15c9fdd749>:0 
  at System.IO.StreamReader..ctor (System.String path) [0x00000] in <695d1cc93cca45069c528c15c9fdd749>:0 
  at (wrapper remoting-invoke-with-check) System.IO.StreamReader..ctor(string)
  at InControl.UnityProfileListGenerator.GetFileContents (System.String fileName) [0x00000] in C:\Users\cuell\OneDrive\Desktop\Game Projects\Project Roguelike\Assets\InControl\Editor\UnityProfileListGenerator.cs:75 
  at InControl.UnityProfileListGenerator.PutFileContents (System.String filePath, System.String content) [0x00000] in C:\Users\cuell\OneDrive\Desktop\Game Projects\Project Roguelike\Assets\InControl\Editor\UnityProfileListGenerator.cs:84 
  at InControl.UnityProfileListGenerator.DiscoverProfiles () [0x000fa] in C:\Users\cuell\OneDrive\Desktop\Game Projects\Project Roguelike\Assets\InControl\Editor\UnityProfileListGenerator.cs:66 
  at InControl.UnityProfileListGenerator..cctor () [0x00007] in C:\Users\cuell\OneDrive\Desktop\Game Projects\Project Roguelike\Assets\InControl\Editor\UnityProfileListGenerator.cs:19 
UnityEngine.StackTraceUtility:ExtractStackTrace ()
UnityEngine.DebugLogHandler:LogFormat (UnityEngine.LogType,UnityEngine.Object,string,object[])
UnityEngine.Logger:Log (UnityEngine.LogType,object)
UnityEngine.Debug:LogError (object)
UnityEditor.EditorAssemblies:ProcessInitializeOnLoadAttributes (System.Type[])

Mono: successfully reloaded assembly
- Completed reload, in  2.490 seconds
Domain Reload Profiling:
	ReloadAssembly (2491ms)
		BeginReloadAssembly (212ms)
			ExecutionOrderSort (0ms)
			DisableScriptedObjects (9ms)
			BackupInstance (0ms)
			ReleaseScriptingObjects (0ms)
			CreateAndSetChildDomain (62ms)
		EndReloadAssembly (2154ms)
			LoadAssemblies (249ms)
			RebuildTransferFunctionScriptingTraits (0ms)
			SetupTypeCache (673ms)
			ReleaseScriptCaches (1ms)
			RebuildScriptCaches (89ms)
			SetupLoadedEditorAssemblies (902ms)
				LogAssemblyErrors (0ms)
				InitializePlatformSupportModulesInManaged (13ms)
				SetLoadedEditorAssemblies (1ms)
				RefreshPlugins (1ms)
				BeforeProcessingInitializeOnLoad (222ms)
				ProcessInitializeOnLoadAttributes (634ms)
				ProcessInitializeOnLoadMethodAttributes (15ms)
				AfterProcessingInitializeOnLoad (16ms)
				EditorAssembliesLoaded (0ms)
			ExecutionOrderSort2 (0ms)
			AwakeInstancesAfterBackupRestoration (17ms)
Platform modules already initialized, skipping
Refreshing native plugins compatible for Editor in 1.15 ms, found 6 plugins.
Preloading 0 native plugins for Editor in 0.00 ms.
Unloading 4649 Unused Serialized files (Serialized files now loaded: 0)
System memory in use before: 165.2 MB.
System memory in use after: 165.3 MB.

Unloading 40 unused Assets to reduce memory usage. Loaded Objects now: 5124.
Total: 8.836700 ms (FindLiveObjects: 0.352800 ms CreateObjectMapping: 0.730200 ms MarkObjects: 7.635000 ms  DeleteObjects: 0.117200 ms)

AssetImportParameters requested are different than current active one (requested -> active):
  custom:framework-win-MediaFoundation: 216162199b28c13a410421893ffa2e32 -> 
  custom:video-decoder-ogg-theora: a1e56fd34408186e4bbccfd4996cb3dc -> 
  custom:container-muxer-webm: aa71ff27fc2769a1b78a27578f13a17b -> 
  custom:container-demuxer-webm: 4f35f7cbe854078d1ac9338744f61a02 -> 
  custom:container-demuxer-ogg: 62fdf1f143b41e24485cea50d1cbac27 -> 
  custom:video-encoder-webm-vp8: eb34c28f22e8b96e1ab97ce403110664 -> 
  custom:video-decoder-webm-vp8: 9c59270c3fd7afecdb556c50c9e8de78 -> 
  custom:audio-decoder-ogg-vorbis: bf7c407c2cedff20999df2af8eb42d56 -> 
  custom:audio-encoder-webm-vorbis: bf7c407c2cedff20999df2af8eb42d56 -> 
AssetImportWorkerClient::OnTransportError - code=2 error=End of file
