Using pre-set license
Built from '2021.1/release' branch; Version is '2021.1.10f1 (b15f561b2cef) revision 11624278'; Using compiler version '192528614'; Build Type 'Release'
OS: 'Windows 10 Home; OS build 19041.1052; Version 2004; 64bit' Language: 'en' Physical Memory: 32634 MB
BatchMode: 1, IsHumanControllingUs: 0, StartBugReporterOnCrash: 0, Is64bit: 1, IsPro: 0

 COMMAND LINE ARGUMENTS:
C:\Program Files\Unity\Hub\Editor\2021.1.10f1\Editor\Unity.exe
-adb2
-batchMode
-noUpm
-name
AssetImportWorker1
-projectPath
C:/Users/cuell/OneDrive/Desktop/Game Projects/Project Roguelike
-logFile
Logs/AssetImportWorker1.log
-srvPort
49808
Successfully changed project path to: C:/Users/cuell/OneDrive/Desktop/Game Projects/Project Roguelike
C:/Users/cuell/OneDrive/Desktop/Game Projects/Project Roguelike
Using Asset Import Pipeline V2.
Refreshing native plugins compatible for Editor in 148.71 ms, found 6 plugins.
Preloading 0 native plugins for Editor in 0.00 ms.
Initialize engine version: 2021.1.10f1 (b15f561b2cef)
[Subsystems] Discovering subsystems at path C:/Program Files/Unity/Hub/Editor/2021.1.10f1/Editor/Data/Resources/UnitySubsystems
[Subsystems] Discovering subsystems at path C:/Users/cuell/OneDrive/Desktop/Game Projects/Project Roguelike/Assets
GfxDevice: creating device client; threaded=0; jobified=0
Direct3D:
    Version:  Direct3D 11.0 [level 11.1]
    Renderer: NVIDIA GeForce GTX 1050 (ID=0x1c8d)
    Vendor:   NVIDIA
    VRAM:     4019 MB
    Driver:   30.0.14.7111
Initialize mono
Mono path[0] = 'C:/Program Files/Unity/Hub/Editor/2021.1.10f1/Editor/Data/Managed'
Mono path[1] = 'C:/Program Files/Unity/Hub/Editor/2021.1.10f1/Editor/Data/MonoBleedingEdge/lib/mono/unityjit'
Mono config path = 'C:/Program Files/Unity/Hub/Editor/2021.1.10f1/Editor/Data/MonoBleedingEdge/etc'
Using monoOptions --debugger-agent=transport=dt_socket,embedding=1,server=y,suspend=n,address=127.0.0.1:56892
Begin MonoManager ReloadAssembly
Registering precompiled unity dll's ...
Register platform support module: C:/Program Files/Unity/Hub/Editor/2021.1.10f1/Editor/Data/PlaybackEngines/WebGLSupport/UnityEditor.WebGL.Extensions.dll
Register platform support module: C:/Program Files/Unity/Hub/Editor/2021.1.10f1/Editor/Data/PlaybackEngines/WindowsStandaloneSupport/UnityEditor.WindowsStandalone.Extensions.dll
Registered in 0.004286 seconds.
Native extension for WindowsStandalone target not found
Native extension for WebGL target not found
Refreshing native plugins compatible for Editor in 181.08 ms, found 6 plugins.
Preloading 0 native plugins for Editor in 0.00 ms.
Mono: successfully reloaded assembly
- Completed reload, in  2.393 seconds
Domain Reload Profiling:
	ReloadAssembly (2394ms)
		BeginReloadAssembly (89ms)
			ExecutionOrderSort (0ms)
			DisableScriptedObjects (0ms)
			BackupInstance (0ms)
			ReleaseScriptingObjects (0ms)
			CreateAndSetChildDomain (1ms)
		EndReloadAssembly (697ms)
			LoadAssemblies (86ms)
			RebuildTransferFunctionScriptingTraits (0ms)
			SetupTypeCache (226ms)
			ReleaseScriptCaches (0ms)
			RebuildScriptCaches (40ms)
			SetupLoadedEditorAssemblies (368ms)
				LogAssemblyErrors (0ms)
				InitializePlatformSupportModulesInManaged (8ms)
				SetLoadedEditorAssemblies (0ms)
				RefreshPlugins (181ms)
				BeforeProcessingInitializeOnLoad (2ms)
				ProcessInitializeOnLoadAttributes (139ms)
				ProcessInitializeOnLoadMethodAttributes (38ms)
				AfterProcessingInitializeOnLoad (0ms)
				EditorAssembliesLoaded (0ms)
			ExecutionOrderSort2 (0ms)
			AwakeInstancesAfterBackupRestoration (0ms)
Platform modules already initialized, skipping
Registering precompiled user dll's ...
Registered in 0.015446 seconds.
Begin MonoManager ReloadAssembly
Symbol file LoadedFromMemory doesn't match image C:\Users\cuell\OneDrive\Desktop\Game Projects\Project Roguelike\Library\PackageCache\com.unity.visualscripting@1.6.1\Editor\VisualScripting.Core\Dependencies\YamlDotNet\Unity.VisualScripting.YamlDotNet.dll
Symbol file LoadedFromMemory doesn't match image C:\Users\cuell\OneDrive\Desktop\Game Projects\Project Roguelike\Library\PackageCache\com.unity.visualscripting@1.6.1\Editor\VisualScripting.Core\Dependencies\DotNetZip\Unity.VisualScripting.IonicZip.dll
Native extension for WindowsStandalone target not found
Native extension for WebGL target not found
Refreshing native plugins compatible for Editor in 138.88 ms, found 6 plugins.
Preloading 0 native plugins for Editor in 0.00 ms.
Mono: successfully reloaded assembly
- Completed reload, in  2.031 seconds
Domain Reload Profiling:
	ReloadAssembly (2032ms)
		BeginReloadAssembly (207ms)
			ExecutionOrderSort (0ms)
			DisableScriptedObjects (6ms)
			BackupInstance (0ms)
			ReleaseScriptingObjects (0ms)
			CreateAndSetChildDomain (25ms)
		EndReloadAssembly (1738ms)
			LoadAssemblies (145ms)
			RebuildTransferFunctionScriptingTraits (0ms)
			SetupTypeCache (510ms)
			ReleaseScriptCaches (1ms)
			RebuildScriptCaches (80ms)
			SetupLoadedEditorAssemblies (873ms)
				LogAssemblyErrors (0ms)
				InitializePlatformSupportModulesInManaged (6ms)
				SetLoadedEditorAssemblies (0ms)
				RefreshPlugins (139ms)
				BeforeProcessingInitializeOnLoad (166ms)
				ProcessInitializeOnLoadAttributes (528ms)
				ProcessInitializeOnLoadMethodAttributes (21ms)
				AfterProcessingInitializeOnLoad (12ms)
				EditorAssembliesLoaded (0ms)
			ExecutionOrderSort2 (0ms)
			AwakeInstancesAfterBackupRestoration (9ms)
Platform modules already initialized, skipping
========================================================================
Worker process is ready to serve import requests
Launched and connected shader compiler UnityShaderCompiler.exe after 0.06 seconds
Refreshing native plugins compatible for Editor in 1.27 ms, found 6 plugins.
Preloading 0 native plugins for Editor in 0.00 ms.
Unloading 4629 Unused Serialized files (Serialized files now loaded: 0)
System memory in use before: 164.6 MB.
System memory in use after: 164.7 MB.

Unloading 54 unused Assets to reduce memory usage. Loaded Objects now: 5060.
Total: 6.773000 ms (FindLiveObjects: 0.377000 ms CreateObjectMapping: 0.732100 ms MarkObjects: 5.502300 ms  DeleteObjects: 0.159800 ms)

AssetImportParameters requested are different than current active one (requested -> active):
  custom:framework-win-MediaFoundation: 216162199b28c13a410421893ffa2e32 -> 
  custom:video-decoder-ogg-theora: a1e56fd34408186e4bbccfd4996cb3dc -> 
  custom:container-muxer-webm: aa71ff27fc2769a1b78a27578f13a17b -> 
  custom:container-demuxer-webm: 4f35f7cbe854078d1ac9338744f61a02 -> 
  custom:container-demuxer-ogg: 62fdf1f143b41e24485cea50d1cbac27 -> 
  custom:video-encoder-webm-vp8: eb34c28f22e8b96e1ab97ce403110664 -> 
  custom:video-decoder-webm-vp8: 9c59270c3fd7afecdb556c50c9e8de78 -> 
  custom:audio-decoder-ogg-vorbis: bf7c407c2cedff20999df2af8eb42d56 -> 
  custom:audio-encoder-webm-vorbis: bf7c407c2cedff20999df2af8eb42d56 -> 
========================================================================
Received Import Request.
  path: Assets/Items/Blueberries.asset
  artifactKey: Guid(94148b2fd5cec704ea5a9d4131aea354) Importer(815301076,1909f56bfc062723c751e8b465ee728b)
Start importing Assets/Items/Blueberries.asset using Guid(94148b2fd5cec704ea5a9d4131aea354) Importer(815301076,1909f56bfc062723c751e8b465ee728b)  -> (artifact id: '404810e7514b6047057efa1f3165e4f3') in 0.055581 seconds 
========================================================================
Received Import Request.
  Time since last request: 273.058961 seconds.
  path: Assets/Items/Blueberries.asset
  artifactKey: Guid(94148b2fd5cec704ea5a9d4131aea354) Importer(815301076,1909f56bfc062723c751e8b465ee728b)
Start importing Assets/Items/Blueberries.asset using Guid(94148b2fd5cec704ea5a9d4131aea354) Importer(815301076,1909f56bfc062723c751e8b465ee728b)  -> (artifact id: 'd1ae9a273c21e4634e932e0419735f9a') in 0.005336 seconds 
========================================================================
Received Import Request.
  Time since last request: 61.487790 seconds.
  path: Assets/Items/Roast Chicken Leg.asset
  artifactKey: Guid(94148b2fd5cec704ea5a9d4131aea354) Importer(815301076,1909f56bfc062723c751e8b465ee728b)
Start importing Assets/Items/Roast Chicken Leg.asset using Guid(94148b2fd5cec704ea5a9d4131aea354) Importer(815301076,1909f56bfc062723c751e8b465ee728b)  -> (artifact id: '794f52380fe3ea521fa96f3950930fe1') in 0.004837 seconds 
========================================================================
Received Prepare
Registering precompiled user dll's ...
Registered in 0.013633 seconds.
Begin MonoManager ReloadAssembly
Symbol file LoadedFromMemory doesn't match image C:\Users\cuell\OneDrive\Desktop\Game Projects\Project Roguelike\Library\PackageCache\com.unity.visualscripting@1.6.1\Editor\VisualScripting.Core\Dependencies\YamlDotNet\Unity.VisualScripting.YamlDotNet.dll
Symbol file LoadedFromMemory doesn't match image C:\Users\cuell\OneDrive\Desktop\Game Projects\Project Roguelike\Library\PackageCache\com.unity.visualscripting@1.6.1\Editor\VisualScripting.Core\Dependencies\DotNetZip\Unity.VisualScripting.IonicZip.dll
Native extension for WindowsStandalone target not found
Native extension for WebGL target not found
Refreshing native plugins compatible for Editor in 0.99 ms, found 6 plugins.
Preloading 0 native plugins for Editor in 0.00 ms.
System.ArgumentException: Empty path name is not legal.
  at System.IO.StreamReader..ctor (System.String path, System.Text.Encoding encoding, System.Boolean detectEncodingFromByteOrderMarks, System.Int32 bufferSize, System.Boolean checkHost) [0x00033] in <695d1cc93cca45069c528c15c9fdd749>:0 
  at System.IO.StreamReader..ctor (System.String path, System.Text.Encoding encoding, System.Boolean detectEncodingFromByteOrderMarks, System.Int32 bufferSize) [0x00000] in <695d1cc93cca45069c528c15c9fdd749>:0 
  at System.IO.StreamReader..ctor (System.String path, System.Boolean detectEncodingFromByteOrderMarks) [0x0000d] in <695d1cc93cca45069c528c15c9fdd749>:0 
  at System.IO.StreamReader..ctor (System.String path) [0x00000] in <695d1cc93cca45069c528c15c9fdd749>:0 
  at (wrapper remoting-invoke-with-check) System.IO.StreamReader..ctor(string)
  at InControl.NativeProfileListGenerator.GetFileContents (System.String fileName) [0x00000] in C:\Users\cuell\OneDrive\Desktop\Game Projects\Project Roguelike\Assets\InControl\Editor\NativeProfileListGenerator.cs:75 
  at InControl.NativeProfileListGenerator.PutFileContents (System.String filePath, System.String content) [0x00000] in C:\Users\cuell\OneDrive\Desktop\Game Projects\Project Roguelike\Assets\InControl\Editor\NativeProfileListGenerator.cs:85 
  at InControl.NativeProfileListGenerator.DiscoverProfiles () [0x000fa] in C:\Users\cuell\OneDrive\Desktop\Game Projects\Project Roguelike\Assets\InControl\Editor\NativeProfileListGenerator.cs:66 
  at InControl.NativeProfileListGenerator..cctor () [0x00007] in C:\Users\cuell\OneDrive\Desktop\Game Projects\Project Roguelike\Assets\InControl\Editor\NativeProfileListGenerator.cs:19 
UnityEngine.StackTraceUtility:ExtractStackTrace ()
UnityEngine.DebugLogHandler:LogFormat (UnityEngine.LogType,UnityEngine.Object,string,object[])
UnityEngine.Logger:Log (UnityEngine.LogType,object)
UnityEngine.Debug:LogError (object)
UnityEditor.EditorAssemblies:ProcessInitializeOnLoadAttributes (System.Type[])

System.ArgumentException: Empty path name is not legal.
  at System.IO.StreamReader..ctor (System.String path, System.Text.Encoding encoding, System.Boolean detectEncodingFromByteOrderMarks, System.Int32 bufferSize, System.Boolean checkHost) [0x00033] in <695d1cc93cca45069c528c15c9fdd749>:0 
  at System.IO.StreamReader..ctor (System.String path, System.Text.Encoding encoding, System.Boolean detectEncodingFromByteOrderMarks, System.Int32 bufferSize) [0x00000] in <695d1cc93cca45069c528c15c9fdd749>:0 
  at System.IO.StreamReader..ctor (System.String path, System.Boolean detectEncodingFromByteOrderMarks) [0x0000d] in <695d1cc93cca45069c528c15c9fdd749>:0 
  at System.IO.StreamReader..ctor (System.String path) [0x00000] in <695d1cc93cca45069c528c15c9fdd749>:0 
  at (wrapper remoting-invoke-with-check) System.IO.StreamReader..ctor(string)
  at InControl.UnityProfileListGenerator.GetFileContents (System.String fileName) [0x00000] in C:\Users\cuell\OneDrive\Desktop\Game Projects\Project Roguelike\Assets\InControl\Editor\UnityProfileListGenerator.cs:75 
  at InControl.UnityProfileListGenerator.PutFileContents (System.String filePath, System.String content) [0x00000] in C:\Users\cuell\OneDrive\Desktop\Game Projects\Project Roguelike\Assets\InControl\Editor\UnityProfileListGenerator.cs:84 
  at InControl.UnityProfileListGenerator.DiscoverProfiles () [0x000fa] in C:\Users\cuell\OneDrive\Desktop\Game Projects\Project Roguelike\Assets\InControl\Editor\UnityProfileListGenerator.cs:66 
  at InControl.UnityProfileListGenerator..cctor () [0x00007] in C:\Users\cuell\OneDrive\Desktop\Game Projects\Project Roguelike\Assets\InControl\Editor\UnityProfileListGenerator.cs:19 
UnityEngine.StackTraceUtility:ExtractStackTrace ()
UnityEngine.DebugLogHandler:LogFormat (UnityEngine.LogType,UnityEngine.Object,string,object[])
UnityEngine.Logger:Log (UnityEngine.LogType,object)
UnityEngine.Debug:LogError (object)
UnityEditor.EditorAssemblies:ProcessInitializeOnLoadAttributes (System.Type[])

Mono: successfully reloaded assembly
- Completed reload, in  1.780 seconds
Domain Reload Profiling:
	ReloadAssembly (1781ms)
		BeginReloadAssembly (164ms)
			ExecutionOrderSort (0ms)
			DisableScriptedObjects (8ms)
			BackupInstance (0ms)
			ReleaseScriptingObjects (0ms)
			CreateAndSetChildDomain (51ms)
		EndReloadAssembly (1530ms)
			LoadAssemblies (145ms)
			RebuildTransferFunctionScriptingTraits (0ms)
			SetupTypeCache (513ms)
			ReleaseScriptCaches (2ms)
			RebuildScriptCaches (60ms)
			SetupLoadedEditorAssemblies (678ms)
				LogAssemblyErrors (0ms)
				InitializePlatformSupportModulesInManaged (8ms)
				SetLoadedEditorAssemblies (1ms)
				RefreshPlugins (1ms)
				BeforeProcessingInitializeOnLoad (101ms)
				ProcessInitializeOnLoadAttributes (541ms)
				ProcessInitializeOnLoadMethodAttributes (12ms)
				AfterProcessingInitializeOnLoad (14ms)
				EditorAssembliesLoaded (0ms)
			ExecutionOrderSort2 (0ms)
			AwakeInstancesAfterBackupRestoration (14ms)
Platform modules already initialized, skipping
Refreshing native plugins compatible for Editor in 1.09 ms, found 6 plugins.
Preloading 0 native plugins for Editor in 0.00 ms.
Unloading 4610 Unused Serialized files (Serialized files now loaded: 0)
System memory in use before: 163.5 MB.
System memory in use after: 163.7 MB.

Unloading 40 unused Assets to reduce memory usage. Loaded Objects now: 5064.
Total: 5.412800 ms (FindLiveObjects: 0.345200 ms CreateObjectMapping: 0.276400 ms MarkObjects: 4.674200 ms  DeleteObjects: 0.115500 ms)

AssetImportParameters requested are different than current active one (requested -> active):
  custom:framework-win-MediaFoundation: 216162199b28c13a410421893ffa2e32 -> 
  custom:video-decoder-ogg-theora: a1e56fd34408186e4bbccfd4996cb3dc -> 
  custom:container-muxer-webm: aa71ff27fc2769a1b78a27578f13a17b -> 
  custom:container-demuxer-webm: 4f35f7cbe854078d1ac9338744f61a02 -> 
  custom:container-demuxer-ogg: 62fdf1f143b41e24485cea50d1cbac27 -> 
  custom:video-encoder-webm-vp8: eb34c28f22e8b96e1ab97ce403110664 -> 
  custom:video-decoder-webm-vp8: 9c59270c3fd7afecdb556c50c9e8de78 -> 
  custom:audio-decoder-ogg-vorbis: bf7c407c2cedff20999df2af8eb42d56 -> 
  custom:audio-encoder-webm-vorbis: bf7c407c2cedff20999df2af8eb42d56 -> 
========================================================================
Received Prepare
Registering precompiled user dll's ...
Registered in 0.014129 seconds.
Begin MonoManager ReloadAssembly
Symbol file LoadedFromMemory doesn't match image C:\Users\cuell\OneDrive\Desktop\Game Projects\Project Roguelike\Library\PackageCache\com.unity.visualscripting@1.6.1\Editor\VisualScripting.Core\Dependencies\YamlDotNet\Unity.VisualScripting.YamlDotNet.dll
Symbol file LoadedFromMemory doesn't match image C:\Users\cuell\OneDrive\Desktop\Game Projects\Project Roguelike\Library\PackageCache\com.unity.visualscripting@1.6.1\Editor\VisualScripting.Core\Dependencies\DotNetZip\Unity.VisualScripting.IonicZip.dll
Native extension for WindowsStandalone target not found
Native extension for WebGL target not found
Refreshing native plugins compatible for Editor in 1.01 ms, found 6 plugins.
Preloading 0 native plugins for Editor in 0.00 ms.
System.ArgumentException: Empty path name is not legal.
  at System.IO.StreamReader..ctor (System.String path, System.Text.Encoding encoding, System.Boolean detectEncodingFromByteOrderMarks, System.Int32 bufferSize, System.Boolean checkHost) [0x00033] in <695d1cc93cca45069c528c15c9fdd749>:0 
  at System.IO.StreamReader..ctor (System.String path, System.Text.Encoding encoding, System.Boolean detectEncodingFromByteOrderMarks, System.Int32 bufferSize) [0x00000] in <695d1cc93cca45069c528c15c9fdd749>:0 
  at System.IO.StreamReader..ctor (System.String path, System.Boolean detectEncodingFromByteOrderMarks) [0x0000d] in <695d1cc93cca45069c528c15c9fdd749>:0 
  at System.IO.StreamReader..ctor (System.String path) [0x00000] in <695d1cc93cca45069c528c15c9fdd749>:0 
  at (wrapper remoting-invoke-with-check) System.IO.StreamReader..ctor(string)
  at InControl.NativeProfileListGenerator.GetFileContents (System.String fileName) [0x00000] in C:\Users\cuell\OneDrive\Desktop\Game Projects\Project Roguelike\Assets\InControl\Editor\NativeProfileListGenerator.cs:75 
  at InControl.NativeProfileListGenerator.PutFileContents (System.String filePath, System.String content) [0x00000] in C:\Users\cuell\OneDrive\Desktop\Game Projects\Project Roguelike\Assets\InControl\Editor\NativeProfileListGenerator.cs:85 
  at InControl.NativeProfileListGenerator.DiscoverProfiles () [0x000fa] in C:\Users\cuell\OneDrive\Desktop\Game Projects\Project Roguelike\Assets\InControl\Editor\NativeProfileListGenerator.cs:66 
  at InControl.NativeProfileListGenerator..cctor () [0x00007] in C:\Users\cuell\OneDrive\Desktop\Game Projects\Project Roguelike\Assets\InControl\Editor\NativeProfileListGenerator.cs:19 
UnityEngine.StackTraceUtility:ExtractStackTrace ()
UnityEngine.DebugLogHandler:LogFormat (UnityEngine.LogType,UnityEngine.Object,string,object[])
UnityEngine.Logger:Log (UnityEngine.LogType,object)
UnityEngine.Debug:LogError (object)
UnityEditor.EditorAssemblies:ProcessInitializeOnLoadAttributes (System.Type[])

System.ArgumentException: Empty path name is not legal.
  at System.IO.StreamReader..ctor (System.String path, System.Text.Encoding encoding, System.Boolean detectEncodingFromByteOrderMarks, System.Int32 bufferSize, System.Boolean checkHost) [0x00033] in <695d1cc93cca45069c528c15c9fdd749>:0 
  at System.IO.StreamReader..ctor (System.String path, System.Text.Encoding encoding, System.Boolean detectEncodingFromByteOrderMarks, System.Int32 bufferSize) [0x00000] in <695d1cc93cca45069c528c15c9fdd749>:0 
  at System.IO.StreamReader..ctor (System.String path, System.Boolean detectEncodingFromByteOrderMarks) [0x0000d] in <695d1cc93cca45069c528c15c9fdd749>:0 
  at System.IO.StreamReader..ctor (System.String path) [0x00000] in <695d1cc93cca45069c528c15c9fdd749>:0 
  at (wrapper remoting-invoke-with-check) System.IO.StreamReader..ctor(string)
  at InControl.UnityProfileListGenerator.GetFileContents (System.String fileName) [0x00000] in C:\Users\cuell\OneDrive\Desktop\Game Projects\Project Roguelike\Assets\InControl\Editor\UnityProfileListGenerator.cs:75 
  at InControl.UnityProfileListGenerator.PutFileContents (System.String filePath, System.String content) [0x00000] in C:\Users\cuell\OneDrive\Desktop\Game Projects\Project Roguelike\Assets\InControl\Editor\UnityProfileListGenerator.cs:84 
  at InControl.UnityProfileListGenerator.DiscoverProfiles () [0x000fa] in C:\Users\cuell\OneDrive\Desktop\Game Projects\Project Roguelike\Assets\InControl\Editor\UnityProfileListGenerator.cs:66 
  at InControl.UnityProfileListGenerator..cctor () [0x00007] in C:\Users\cuell\OneDrive\Desktop\Game Projects\Project Roguelike\Assets\InControl\Editor\UnityProfileListGenerator.cs:19 
UnityEngine.StackTraceUtility:ExtractStackTrace ()
UnityEngine.DebugLogHandler:LogFormat (UnityEngine.LogType,UnityEngine.Object,string,object[])
UnityEngine.Logger:Log (UnityEngine.LogType,object)
UnityEngine.Debug:LogError (object)
UnityEditor.EditorAssemblies:ProcessInitializeOnLoadAttributes (System.Type[])

Mono: successfully reloaded assembly
- Completed reload, in  1.786 seconds
Domain Reload Profiling:
	ReloadAssembly (1786ms)
		BeginReloadAssembly (165ms)
			ExecutionOrderSort (0ms)
			DisableScriptedObjects (9ms)
			BackupInstance (0ms)
			ReleaseScriptingObjects (0ms)
			CreateAndSetChildDomain (49ms)
		EndReloadAssembly (1524ms)
			LoadAssemblies (142ms)
			RebuildTransferFunctionScriptingTraits (0ms)
			SetupTypeCache (491ms)
			ReleaseScriptCaches (1ms)
			RebuildScriptCaches (61ms)
			SetupLoadedEditorAssemblies (679ms)
				LogAssemblyErrors (0ms)
				InitializePlatformSupportModulesInManaged (8ms)
				SetLoadedEditorAssemblies (1ms)
				RefreshPlugins (1ms)
				BeforeProcessingInitializeOnLoad (97ms)
				ProcessInitializeOnLoadAttributes (547ms)
				ProcessInitializeOnLoadMethodAttributes (12ms)
				AfterProcessingInitializeOnLoad (13ms)
				EditorAssembliesLoaded (0ms)
			ExecutionOrderSort2 (0ms)
			AwakeInstancesAfterBackupRestoration (17ms)
Platform modules already initialized, skipping
Refreshing native plugins compatible for Editor in 1.33 ms, found 6 plugins.
Preloading 0 native plugins for Editor in 0.00 ms.
Unloading 4610 Unused Serialized files (Serialized files now loaded: 0)
System memory in use before: 163.6 MB.
System memory in use after: 163.7 MB.

Unloading 40 unused Assets to reduce memory usage. Loaded Objects now: 5068.
Total: 5.317500 ms (FindLiveObjects: 0.571300 ms CreateObjectMapping: 0.366700 ms MarkObjects: 4.257000 ms  DeleteObjects: 0.121200 ms)

AssetImportParameters requested are different than current active one (requested -> active):
  custom:framework-win-MediaFoundation: 216162199b28c13a410421893ffa2e32 -> 
  custom:video-decoder-ogg-theora: a1e56fd34408186e4bbccfd4996cb3dc -> 
  custom:container-muxer-webm: aa71ff27fc2769a1b78a27578f13a17b -> 
  custom:container-demuxer-webm: 4f35f7cbe854078d1ac9338744f61a02 -> 
  custom:container-demuxer-ogg: 62fdf1f143b41e24485cea50d1cbac27 -> 
  custom:video-encoder-webm-vp8: eb34c28f22e8b96e1ab97ce403110664 -> 
  custom:video-decoder-webm-vp8: 9c59270c3fd7afecdb556c50c9e8de78 -> 
  custom:audio-decoder-ogg-vorbis: bf7c407c2cedff20999df2af8eb42d56 -> 
  custom:audio-encoder-webm-vorbis: bf7c407c2cedff20999df2af8eb42d56 -> 
========================================================================
Received Prepare
Registering precompiled user dll's ...
Registered in 0.015269 seconds.
Begin MonoManager ReloadAssembly
Symbol file LoadedFromMemory doesn't match image C:\Users\cuell\OneDrive\Desktop\Game Projects\Project Roguelike\Library\PackageCache\com.unity.visualscripting@1.6.1\Editor\VisualScripting.Core\Dependencies\YamlDotNet\Unity.VisualScripting.YamlDotNet.dll
Symbol file LoadedFromMemory doesn't match image C:\Users\cuell\OneDrive\Desktop\Game Projects\Project Roguelike\Library\PackageCache\com.unity.visualscripting@1.6.1\Editor\VisualScripting.Core\Dependencies\DotNetZip\Unity.VisualScripting.IonicZip.dll
Native extension for WindowsStandalone target not found
Native extension for WebGL target not found
Refreshing native plugins compatible for Editor in 1.03 ms, found 6 plugins.
Preloading 0 native plugins for Editor in 0.00 ms.
System.ArgumentException: Empty path name is not legal.
  at System.IO.StreamReader..ctor (System.String path, System.Text.Encoding encoding, System.Boolean detectEncodingFromByteOrderMarks, System.Int32 bufferSize, System.Boolean checkHost) [0x00033] in <695d1cc93cca45069c528c15c9fdd749>:0 
  at System.IO.StreamReader..ctor (System.String path, System.Text.Encoding encoding, System.Boolean detectEncodingFromByteOrderMarks, System.Int32 bufferSize) [0x00000] in <695d1cc93cca45069c528c15c9fdd749>:0 
  at System.IO.StreamReader..ctor (System.String path, System.Boolean detectEncodingFromByteOrderMarks) [0x0000d] in <695d1cc93cca45069c528c15c9fdd749>:0 
  at System.IO.StreamReader..ctor (System.String path) [0x00000] in <695d1cc93cca45069c528c15c9fdd749>:0 
  at (wrapper remoting-invoke-with-check) System.IO.StreamReader..ctor(string)
  at InControl.NativeProfileListGenerator.GetFileContents (System.String fileName) [0x00000] in C:\Users\cuell\OneDrive\Desktop\Game Projects\Project Roguelike\Assets\InControl\Editor\NativeProfileListGenerator.cs:75 
  at InControl.NativeProfileListGenerator.PutFileContents (System.String filePath, System.String content) [0x00000] in C:\Users\cuell\OneDrive\Desktop\Game Projects\Project Roguelike\Assets\InControl\Editor\NativeProfileListGenerator.cs:85 
  at InControl.NativeProfileListGenerator.DiscoverProfiles () [0x000fa] in C:\Users\cuell\OneDrive\Desktop\Game Projects\Project Roguelike\Assets\InControl\Editor\NativeProfileListGenerator.cs:66 
  at InControl.NativeProfileListGenerator..cctor () [0x00007] in C:\Users\cuell\OneDrive\Desktop\Game Projects\Project Roguelike\Assets\InControl\Editor\NativeProfileListGenerator.cs:19 
UnityEngine.StackTraceUtility:ExtractStackTrace ()
UnityEngine.DebugLogHandler:LogFormat (UnityEngine.LogType,UnityEngine.Object,string,object[])
UnityEngine.Logger:Log (UnityEngine.LogType,object)
UnityEngine.Debug:LogError (object)
UnityEditor.EditorAssemblies:ProcessInitializeOnLoadAttributes (System.Type[])

System.ArgumentException: Empty path name is not legal.
  at System.IO.StreamReader..ctor (System.String path, System.Text.Encoding encoding, System.Boolean detectEncodingFromByteOrderMarks, System.Int32 bufferSize, System.Boolean checkHost) [0x00033] in <695d1cc93cca45069c528c15c9fdd749>:0 
  at System.IO.StreamReader..ctor (System.String path, System.Text.Encoding encoding, System.Boolean detectEncodingFromByteOrderMarks, System.Int32 bufferSize) [0x00000] in <695d1cc93cca45069c528c15c9fdd749>:0 
  at System.IO.StreamReader..ctor (System.String path, System.Boolean detectEncodingFromByteOrderMarks) [0x0000d] in <695d1cc93cca45069c528c15c9fdd749>:0 
  at System.IO.StreamReader..ctor (System.String path) [0x00000] in <695d1cc93cca45069c528c15c9fdd749>:0 
  at (wrapper remoting-invoke-with-check) System.IO.StreamReader..ctor(string)
  at InControl.UnityProfileListGenerator.GetFileContents (System.String fileName) [0x00000] in C:\Users\cuell\OneDrive\Desktop\Game Projects\Project Roguelike\Assets\InControl\Editor\UnityProfileListGenerator.cs:75 
  at InControl.UnityProfileListGenerator.PutFileContents (System.String filePath, System.String content) [0x00000] in C:\Users\cuell\OneDrive\Desktop\Game Projects\Project Roguelike\Assets\InControl\Editor\UnityProfileListGenerator.cs:84 
  at InControl.UnityProfileListGenerator.DiscoverProfiles () [0x000fa] in C:\Users\cuell\OneDrive\Desktop\Game Projects\Project Roguelike\Assets\InControl\Editor\UnityProfileListGenerator.cs:66 
  at InControl.UnityProfileListGenerator..cctor () [0x00007] in C:\Users\cuell\OneDrive\Desktop\Game Projects\Project Roguelike\Assets\InControl\Editor\UnityProfileListGenerator.cs:19 
UnityEngine.StackTraceUtility:ExtractStackTrace ()
UnityEngine.DebugLogHandler:LogFormat (UnityEngine.LogType,UnityEngine.Object,string,object[])
UnityEngine.Logger:Log (UnityEngine.LogType,object)
UnityEngine.Debug:LogError (object)
UnityEditor.EditorAssemblies:ProcessInitializeOnLoadAttributes (System.Type[])

Mono: successfully reloaded assembly
- Completed reload, in  1.841 seconds
Domain Reload Profiling:
	ReloadAssembly (1842ms)
		BeginReloadAssembly (189ms)
			ExecutionOrderSort (0ms)
			DisableScriptedObjects (7ms)
			BackupInstance (0ms)
			ReleaseScriptingObjects (0ms)
			CreateAndSetChildDomain (72ms)
		EndReloadAssembly (1565ms)
			LoadAssemblies (145ms)
			RebuildTransferFunctionScriptingTraits (0ms)
			SetupTypeCache (505ms)
			ReleaseScriptCaches (1ms)
			RebuildScriptCaches (61ms)
			SetupLoadedEditorAssemblies (697ms)
				LogAssemblyErrors (0ms)
				InitializePlatformSupportModulesInManaged (8ms)
				SetLoadedEditorAssemblies (1ms)
				RefreshPlugins (1ms)
				BeforeProcessingInitializeOnLoad (99ms)
				ProcessInitializeOnLoadAttributes (563ms)
				ProcessInitializeOnLoadMethodAttributes (12ms)
				AfterProcessingInitializeOnLoad (13ms)
				EditorAssembliesLoaded (0ms)
			ExecutionOrderSort2 (0ms)
			AwakeInstancesAfterBackupRestoration (17ms)
Platform modules already initialized, skipping
Refreshing native plugins compatible for Editor in 1.01 ms, found 6 plugins.
Preloading 0 native plugins for Editor in 0.00 ms.
Unloading 4610 Unused Serialized files (Serialized files now loaded: 0)
System memory in use before: 163.7 MB.
System memory in use after: 163.8 MB.

Unloading 40 unused Assets to reduce memory usage. Loaded Objects now: 5072.
Total: 5.537100 ms (FindLiveObjects: 0.340700 ms CreateObjectMapping: 0.278400 ms MarkObjects: 4.790000 ms  DeleteObjects: 0.126900 ms)

AssetImportParameters requested are different than current active one (requested -> active):
  custom:framework-win-MediaFoundation: 216162199b28c13a410421893ffa2e32 -> 
  custom:video-decoder-ogg-theora: a1e56fd34408186e4bbccfd4996cb3dc -> 
  custom:container-muxer-webm: aa71ff27fc2769a1b78a27578f13a17b -> 
  custom:container-demuxer-webm: 4f35f7cbe854078d1ac9338744f61a02 -> 
  custom:container-demuxer-ogg: 62fdf1f143b41e24485cea50d1cbac27 -> 
  custom:video-encoder-webm-vp8: eb34c28f22e8b96e1ab97ce403110664 -> 
  custom:video-decoder-webm-vp8: 9c59270c3fd7afecdb556c50c9e8de78 -> 
  custom:audio-decoder-ogg-vorbis: bf7c407c2cedff20999df2af8eb42d56 -> 
  custom:audio-encoder-webm-vorbis: bf7c407c2cedff20999df2af8eb42d56 -> 
========================================================================
Received Prepare
Registering precompiled user dll's ...
Registered in 0.016448 seconds.
Begin MonoManager ReloadAssembly
Symbol file LoadedFromMemory doesn't match image C:\Users\cuell\OneDrive\Desktop\Game Projects\Project Roguelike\Library\PackageCache\com.unity.visualscripting@1.6.1\Editor\VisualScripting.Core\Dependencies\YamlDotNet\Unity.VisualScripting.YamlDotNet.dll
Symbol file LoadedFromMemory doesn't match image C:\Users\cuell\OneDrive\Desktop\Game Projects\Project Roguelike\Library\PackageCache\com.unity.visualscripting@1.6.1\Editor\VisualScripting.Core\Dependencies\DotNetZip\Unity.VisualScripting.IonicZip.dll
Native extension for WindowsStandalone target not found
Native extension for WebGL target not found
Refreshing native plugins compatible for Editor in 4.31 ms, found 6 plugins.
Preloading 0 native plugins for Editor in 0.00 ms.
System.ArgumentException: Empty path name is not legal.
  at System.IO.StreamReader..ctor (System.String path, System.Text.Encoding encoding, System.Boolean detectEncodingFromByteOrderMarks, System.Int32 bufferSize, System.Boolean checkHost) [0x00033] in <695d1cc93cca45069c528c15c9fdd749>:0 
  at System.IO.StreamReader..ctor (System.String path, System.Text.Encoding encoding, System.Boolean detectEncodingFromByteOrderMarks, System.Int32 bufferSize) [0x00000] in <695d1cc93cca45069c528c15c9fdd749>:0 
  at System.IO.StreamReader..ctor (System.String path, System.Boolean detectEncodingFromByteOrderMarks) [0x0000d] in <695d1cc93cca45069c528c15c9fdd749>:0 
  at System.IO.StreamReader..ctor (System.String path) [0x00000] in <695d1cc93cca45069c528c15c9fdd749>:0 
  at (wrapper remoting-invoke-with-check) System.IO.StreamReader..ctor(string)
  at InControl.NativeProfileListGenerator.GetFileContents (System.String fileName) [0x00000] in C:\Users\cuell\OneDrive\Desktop\Game Projects\Project Roguelike\Assets\InControl\Editor\NativeProfileListGenerator.cs:75 
  at InControl.NativeProfileListGenerator.PutFileContents (System.String filePath, System.String content) [0x00000] in C:\Users\cuell\OneDrive\Desktop\Game Projects\Project Roguelike\Assets\InControl\Editor\NativeProfileListGenerator.cs:85 
  at InControl.NativeProfileListGenerator.DiscoverProfiles () [0x000fa] in C:\Users\cuell\OneDrive\Desktop\Game Projects\Project Roguelike\Assets\InControl\Editor\NativeProfileListGenerator.cs:66 
  at InControl.NativeProfileListGenerator..cctor () [0x00007] in C:\Users\cuell\OneDrive\Desktop\Game Projects\Project Roguelike\Assets\InControl\Editor\NativeProfileListGenerator.cs:19 
UnityEngine.StackTraceUtility:ExtractStackTrace ()
UnityEngine.DebugLogHandler:LogFormat (UnityEngine.LogType,UnityEngine.Object,string,object[])
UnityEngine.Logger:Log (UnityEngine.LogType,object)
UnityEngine.Debug:LogError (object)
UnityEditor.EditorAssemblies:ProcessInitializeOnLoadAttributes (System.Type[])

System.ArgumentException: Empty path name is not legal.
  at System.IO.StreamReader..ctor (System.String path, System.Text.Encoding encoding, System.Boolean detectEncodingFromByteOrderMarks, System.Int32 bufferSize, System.Boolean checkHost) [0x00033] in <695d1cc93cca45069c528c15c9fdd749>:0 
  at System.IO.StreamReader..ctor (System.String path, System.Text.Encoding encoding, System.Boolean detectEncodingFromByteOrderMarks, System.Int32 bufferSize) [0x00000] in <695d1cc93cca45069c528c15c9fdd749>:0 
  at System.IO.StreamReader..ctor (System.String path, System.Boolean detectEncodingFromByteOrderMarks) [0x0000d] in <695d1cc93cca45069c528c15c9fdd749>:0 
  at System.IO.StreamReader..ctor (System.String path) [0x00000] in <695d1cc93cca45069c528c15c9fdd749>:0 
  at (wrapper remoting-invoke-with-check) System.IO.StreamReader..ctor(string)
  at InControl.UnityProfileListGenerator.GetFileContents (System.String fileName) [0x00000] in C:\Users\cuell\OneDrive\Desktop\Game Projects\Project Roguelike\Assets\InControl\Editor\UnityProfileListGenerator.cs:75 
  at InControl.UnityProfileListGenerator.PutFileContents (System.String filePath, System.String content) [0x00000] in C:\Users\cuell\OneDrive\Desktop\Game Projects\Project Roguelike\Assets\InControl\Editor\UnityProfileListGenerator.cs:84 
  at InControl.UnityProfileListGenerator.DiscoverProfiles () [0x000fa] in C:\Users\cuell\OneDrive\Desktop\Game Projects\Project Roguelike\Assets\InControl\Editor\UnityProfileListGenerator.cs:66 
  at InControl.UnityProfileListGenerator..cctor () [0x00007] in C:\Users\cuell\OneDrive\Desktop\Game Projects\Project Roguelike\Assets\InControl\Editor\UnityProfileListGenerator.cs:19 
UnityEngine.StackTraceUtility:ExtractStackTrace ()
UnityEngine.DebugLogHandler:LogFormat (UnityEngine.LogType,UnityEngine.Object,string,object[])
UnityEngine.Logger:Log (UnityEngine.LogType,object)
UnityEngine.Debug:LogError (object)
UnityEditor.EditorAssemblies:ProcessInitializeOnLoadAttributes (System.Type[])

Mono: successfully reloaded assembly
- Completed reload, in  1.860 seconds
Domain Reload Profiling:
	ReloadAssembly (1861ms)
		BeginReloadAssembly (149ms)
			ExecutionOrderSort (0ms)
			DisableScriptedObjects (8ms)
			BackupInstance (0ms)
			ReleaseScriptingObjects (0ms)
			CreateAndSetChildDomain (46ms)
		EndReloadAssembly (1618ms)
			LoadAssemblies (140ms)
			RebuildTransferFunctionScriptingTraits (0ms)
			SetupTypeCache (549ms)
			ReleaseScriptCaches (1ms)
			RebuildScriptCaches (80ms)
			SetupLoadedEditorAssemblies (662ms)
				LogAssemblyErrors (0ms)
				InitializePlatformSupportModulesInManaged (9ms)
				SetLoadedEditorAssemblies (1ms)
				RefreshPlugins (4ms)
				BeforeProcessingInitializeOnLoad (105ms)
				ProcessInitializeOnLoadAttributes (519ms)
				ProcessInitializeOnLoadMethodAttributes (10ms)
				AfterProcessingInitializeOnLoad (13ms)
				EditorAssembliesLoaded (0ms)
			ExecutionOrderSort2 (0ms)
			AwakeInstancesAfterBackupRestoration (12ms)
Platform modules already initialized, skipping
Refreshing native plugins compatible for Editor in 1.00 ms, found 6 plugins.
Preloading 0 native plugins for Editor in 0.00 ms.
Unloading 4610 Unused Serialized files (Serialized files now loaded: 0)
System memory in use before: 163.7 MB.
System memory in use after: 163.8 MB.

Unloading 40 unused Assets to reduce memory usage. Loaded Objects now: 5076.
Total: 5.748600 ms (FindLiveObjects: 0.425100 ms CreateObjectMapping: 0.266200 ms MarkObjects: 4.884300 ms  DeleteObjects: 0.171700 ms)

AssetImportParameters requested are different than current active one (requested -> active):
  custom:framework-win-MediaFoundation: 216162199b28c13a410421893ffa2e32 -> 
  custom:video-decoder-ogg-theora: a1e56fd34408186e4bbccfd4996cb3dc -> 
  custom:container-muxer-webm: aa71ff27fc2769a1b78a27578f13a17b -> 
  custom:container-demuxer-webm: 4f35f7cbe854078d1ac9338744f61a02 -> 
  custom:container-demuxer-ogg: 62fdf1f143b41e24485cea50d1cbac27 -> 
  custom:video-encoder-webm-vp8: eb34c28f22e8b96e1ab97ce403110664 -> 
  custom:video-decoder-webm-vp8: 9c59270c3fd7afecdb556c50c9e8de78 -> 
  custom:audio-decoder-ogg-vorbis: bf7c407c2cedff20999df2af8eb42d56 -> 
  custom:audio-encoder-webm-vorbis: bf7c407c2cedff20999df2af8eb42d56 -> 
AssetImportWorkerClient::OnTransportError - code=2 error=End of file
